TN:
SF:src\app\App.tsx
FN:4,App
FNF:1
FNH:1
FNDA:1,App
DA:1,1
DA:2,1
DA:4,1
DA:5,1
DA:6,1
DA:7,1
DA:8,1
DA:10,1
DA:12,1
LF:9
LH:9
BRDA:4,0,0,1
BRF:1
BRH:1
end_of_record
TN:
SF:src\app\LandingPage.tsx
FN:16,LandingPage
FNF:1
FNH:1
FNDA:2,LandingPage
DA:1,1
DA:8,1
DA:10,1
DA:16,2
DA:17,2
DA:19,2
DA:20,2
DA:21,2
DA:22,2
DA:23,2
DA:24,2
DA:25,2
DA:26,2
DA:27,2
DA:28,2
DA:29,2
DA:30,2
DA:32,2
DA:33,2
DA:35,2
DA:38,2
DA:39,2
DA:40,2
DA:41,2
DA:42,2
DA:43,2
DA:44,2
DA:46,2
DA:47,2
DA:48,2
DA:49,2
DA:50,2
DA:51,2
DA:52,2
DA:53,2
DA:54,2
DA:56,2
DA:57,2
DA:58,2
DA:59,2
DA:60,2
DA:61,2
DA:62,2
DA:63,2
DA:64,2
DA:65,2
DA:66,2
DA:67,2
DA:69,2
DA:71,2
DA:73,2
DA:74,2
DA:75,2
DA:76,2
DA:77,2
DA:78,2
DA:79,2
DA:80,2
DA:81,2
DA:84,2
DA:86,2
DA:87,2
DA:88,2
DA:89,2
DA:90,2
DA:92,2
DA:93,2
DA:94,2
DA:95,2
DA:96,2
DA:97,2
DA:98,2
DA:99,2
DA:100,2
DA:101,2
DA:102,2
DA:103,2
DA:104,2
DA:105,2
DA:106,2
DA:107,2
DA:109,2
DA:111,2
DA:112,2
DA:113,2
DA:114,2
DA:115,2
DA:116,2
DA:117,2
DA:118,2
DA:119,2
DA:120,2
DA:121,2
DA:122,2
DA:123,2
DA:124,2
DA:125,2
DA:126,2
DA:127,2
DA:128,2
DA:129,2
DA:130,2
DA:131,2
DA:132,2
DA:133,2
DA:134,2
DA:135,2
DA:137,2
DA:138,2
DA:139,2
DA:140,2
DA:141,2
DA:142,2
DA:143,2
DA:144,2
DA:145,2
DA:146,2
DA:147,2
DA:148,2
DA:149,2
DA:150,2
DA:151,2
DA:152,2
DA:153,2
DA:154,2
DA:156,2
DA:158,2
DA:159,2
DA:160,2
DA:162,2
LF:130
LH:130
BRDA:16,0,0,2
BRF:1
BRH:1
end_of_record
TN:
SF:src\app\router.tsx
FN:109,AppRouter
FNF:1
FNH:1
FNDA:1,AppRouter
DA:1,1
DA:2,1
DA:3,1
DA:4,1
DA:5,1
DA:6,1
DA:7,1
DA:8,1
DA:9,1
DA:10,1
DA:11,1
DA:12,1
DA:13,1
DA:14,1
DA:15,1
DA:16,1
DA:18,1
DA:19,1
DA:20,1
DA:23,1
DA:24,1
DA:25,1
DA:26,1
DA:27,1
DA:28,1
DA:29,1
DA:30,1
DA:31,1
DA:32,1
DA:33,1
DA:34,1
DA:35,1
DA:36,1
DA:37,1
DA:38,1
DA:39,1
DA:40,1
DA:41,1
DA:42,1
DA:43,1
DA:44,1
DA:45,1
DA:46,1
DA:47,1
DA:48,1
DA:49,1
DA:50,1
DA:51,1
DA:52,1
DA:53,1
DA:54,1
DA:55,1
DA:56,1
DA:57,1
DA:58,1
DA:59,1
DA:60,1
DA:61,1
DA:62,1
DA:63,1
DA:64,1
DA:65,1
DA:66,1
DA:67,1
DA:68,1
DA:69,1
DA:70,1
DA:71,1
DA:72,1
DA:73,1
DA:74,1
DA:75,1
DA:76,1
DA:77,1
DA:78,1
DA:79,1
DA:80,1
DA:81,1
DA:82,1
DA:83,1
DA:85,1
DA:86,1
DA:87,1
DA:88,1
DA:89,1
DA:90,1
DA:91,1
DA:92,1
DA:93,1
DA:94,1
DA:95,1
DA:96,1
DA:97,1
DA:98,1
DA:99,1
DA:100,1
DA:101,1
DA:102,1
DA:103,1
DA:104,1
DA:107,1
DA:109,1
DA:110,1
DA:111,1
LF:104
LH:104
BRDA:109,0,0,1
BRF:1
BRH:1
end_of_record
TN:
SF:src\app\theme.ts
FNF:0
FNH:0
DA:1,1
DA:3,1
DA:4,1
DA:5,1
DA:6,1
DA:7,1
DA:8,1
DA:9,1
DA:10,1
DA:11,1
DA:12,1
DA:13,1
DA:14,1
DA:15,1
DA:16,1
DA:17,1
DA:18,1
DA:19,1
DA:20,1
DA:21,1
DA:22,1
DA:23,1
DA:24,1
DA:25,1
DA:26,1
DA:27,1
DA:28,1
DA:29,1
DA:31,1
LF:29
LH:29
BRF:0
BRH:0
end_of_record
TN:
SF:src\app\providers\ThemeProvider.tsx
FN:5,ThemeProvider
FNF:1
FNH:1
FNDA:1,ThemeProvider
DA:2,1
DA:3,1
DA:5,1
DA:6,1
DA:7,1
DA:8,1
DA:9,1
DA:10,1
DA:12,1
LF:9
LH:9
BRDA:5,0,0,1
BRF:1
BRH:1
end_of_record
TN:
SF:src\features\accommodations\api\accommodationsApi.ts
FN:80,getAutoConfirm
FN:104,updateAutoConfirm
FN:129,fetchAccommodations
FN:151,uploadPhotoToCloudinary
FN:175,createAccommodation
FN:200,fetchAccommodationById
FN:223,updateAccommodation
FN:256,searchAccommodations
FNF:8
FNH:8
FNDA:2,getAutoConfirm
FNDA:2,updateAutoConfirm
FNDA:2,fetchAccommodations
FNDA:1,uploadPhotoToCloudinary
FNDA:1,createAccommodation
FNDA:3,fetchAccommodationById
FNDA:2,updateAccommodation
FNDA:2,searchAccommodations
DA:2,1
DA:80,2
DA:81,2
DA:82,2
DA:84,2
DA:85,2
DA:86,2
DA:87,2
DA:88,2
DA:89,2
DA:90,2
DA:91,2
DA:92,2
DA:93,2
DA:95,2
DA:96,1
DA:97,1
DA:98,1
DA:100,1
DA:101,1
DA:102,1
DA:104,2
DA:105,2
DA:106,2
DA:107,2
DA:108,2
DA:109,2
DA:111,2
DA:112,2
DA:113,2
DA:114,2
DA:115,2
DA:116,2
DA:117,2
DA:118,2
DA:119,2
DA:120,2
DA:121,2
DA:123,2
DA:124,1
DA:125,1
DA:126,1
DA:127,2
DA:129,2
DA:130,2
DA:131,2
DA:133,2
DA:135,2
DA:136,2
DA:137,2
DA:138,2
DA:139,2
DA:140,2
DA:141,2
DA:143,2
DA:144,0
DA:145,0
DA:146,0
DA:148,2
DA:149,2
DA:151,1
DA:152,1
DA:153,1
DA:154,1
DA:157,1
DA:158,1
DA:159,1
DA:160,1
DA:161,1
DA:162,1
DA:163,1
DA:165,1
DA:166,0
DA:167,0
DA:168,0
DA:170,1
DA:171,1
DA:172,1
DA:173,1
DA:175,1
DA:176,1
DA:177,1
DA:178,1
DA:179,1
DA:181,1
DA:182,1
DA:183,1
DA:184,1
DA:185,1
DA:186,1
DA:187,1
DA:188,1
DA:189,1
DA:190,1
DA:191,1
DA:192,1
DA:193,0
DA:194,0
DA:195,0
DA:197,1
DA:198,1
DA:200,3
DA:201,3
DA:202,3
DA:204,3
DA:205,3
DA:206,3
DA:207,3
DA:208,3
DA:209,3
DA:210,3
DA:211,3
DA:212,3
DA:213,3
DA:215,3
DA:216,1
DA:217,1
DA:218,1
DA:220,2
DA:221,2
DA:223,2
DA:224,2
DA:225,2
DA:226,2
DA:227,2
DA:228,2
DA:230,2
DA:231,2
DA:232,2
DA:233,2
DA:234,2
DA:235,2
DA:236,2
DA:237,2
DA:238,2
DA:239,2
DA:240,2
DA:242,2
DA:243,1
DA:244,1
DA:245,1
DA:247,1
DA:248,1
DA:256,2
DA:257,2
DA:258,2
DA:259,2
DA:260,2
DA:261,2
DA:262,2
DA:263,2
DA:265,2
DA:266,1
DA:267,1
DA:268,1
DA:270,1
DA:271,1
LF:157
LH:148
BRDA:80,0,0,2
BRDA:90,1,0,0
BRDA:95,2,0,1
BRDA:97,3,0,0
BRDA:104,4,0,2
BRDA:117,5,0,0
BRDA:123,6,0,1
BRDA:125,7,0,0
BRDA:129,8,0,2
BRDA:139,9,0,1
BRDA:139,10,0,1
BRDA:143,11,0,0
BRDA:151,12,0,1
BRDA:165,13,0,0
BRDA:175,14,0,1
BRDA:187,15,0,0
BRDA:192,16,0,0
BRDA:200,17,0,3
BRDA:210,18,0,0
BRDA:215,19,0,1
BRDA:217,20,0,0
BRDA:218,21,0,2
BRDA:223,22,0,2
BRDA:236,23,0,0
BRDA:242,24,0,1
BRDA:244,25,0,0
BRDA:256,26,0,2
BRDA:265,27,0,1
BRDA:267,28,0,0
BRF:29
BRH:16
end_of_record
TN:
SF:src\features\accommodations\api\amenitiesApi.ts
FN:13,createAmenity
FN:40,fetchAmenities
FNF:2
FNH:2
FNDA:2,createAmenity
FNDA:2,fetchAmenities
DA:11,1
DA:13,2
DA:14,2
DA:15,2
DA:16,2
DA:17,2
DA:19,2
DA:20,2
DA:21,2
DA:22,2
DA:23,2
DA:24,2
DA:25,2
DA:26,2
DA:27,2
DA:28,2
DA:29,2
DA:31,2
DA:32,1
DA:33,1
DA:34,1
DA:36,1
DA:37,1
DA:40,2
DA:41,2
DA:42,2
DA:44,2
DA:45,2
DA:46,2
DA:47,2
DA:48,2
DA:49,2
DA:50,2
DA:52,2
DA:53,1
DA:54,1
DA:55,1
DA:57,1
DA:58,1
LF:39
LH:39
BRDA:13,0,0,2
BRDA:25,1,0,0
BRDA:31,2,0,1
BRDA:33,3,0,0
BRDA:40,4,0,2
BRDA:48,5,0,0
BRDA:52,6,0,1
BRDA:54,7,0,0
BRF:8
BRH:4
end_of_record
TN:
SF:src\features\accommodations\navbar\GuestNavbar.tsx
FN:44,GuestNavbar
FN:53,formatDate
FN:57,handleSearch
FN:68,handleLogout
FN:73,handleToggle
FN:100,handleHomeClick
FN:157,onClick
FN:166,onClick
FN:178,onClose
FN:219,onChange
FN:225,onChange
FNF:11
FNH:7
FNDA:21,GuestNavbar
FNDA:4,formatDate
FNDA:2,handleSearch
FNDA:0,handleLogout
FNDA:0,handleToggle
FNDA:2,handleHomeClick
FNDA:4,onClick
FNDA:0,onClick
FNDA:0,onClose
FNDA:5,onChange
FNDA:2,onChange
DA:5,1
DA:18,1
DA:19,1
DA:20,1
DA:21,1
DA:22,1
DA:24,1
DA:29,1
DA:30,1
DA:44,21
DA:45,21
DA:46,21
DA:47,21
DA:48,21
DA:49,21
DA:50,21
DA:51,21
DA:53,21
DA:54,4
DA:55,2
DA:56,4
DA:57,21
DA:58,2
DA:59,2
DA:60,2
DA:61,2
DA:62,2
DA:63,2
DA:64,2
DA:65,2
DA:66,2
DA:67,21
DA:68,21
DA:69,0
DA:70,0
DA:71,0
DA:73,21
DA:74,0
DA:75,0
DA:76,0
DA:77,0
DA:78,0
DA:80,0
DA:81,0
DA:82,0
DA:83,0
DA:84,0
DA:85,0
DA:86,0
DA:87,0
DA:88,0
DA:89,0
DA:90,0
DA:93,21
DA:94,8
DA:95,8
DA:96,8
DA:97,21
DA:100,21
DA:101,2
DA:102,1
DA:103,1
DA:104,1
DA:105,1
DA:106,2
DA:109,21
DA:110,21
DA:111,21
DA:112,21
DA:113,21
DA:114,21
DA:115,21
DA:116,21
DA:117,21
DA:119,21
DA:120,21
DA:121,21
DA:122,21
DA:123,21
DA:124,21
DA:125,21
DA:127,21
DA:128,21
DA:129,21
DA:130,21
DA:131,21
DA:132,21
DA:133,21
DA:134,21
DA:136,21
DA:137,21
DA:138,21
DA:139,21
DA:140,21
DA:141,21
DA:142,21
DA:143,21
DA:144,21
DA:145,21
DA:146,21
DA:147,21
DA:148,21
DA:151,21
DA:153,21
DA:154,21
DA:155,17
DA:156,17
DA:157,17
DA:158,17
DA:160,17
DA:161,17
DA:164,21
DA:165,21
DA:166,21
DA:168,21
DA:169,21
DA:170,21
DA:171,21
DA:172,21
DA:173,21
DA:174,21
DA:175,21
DA:176,21
DA:177,21
DA:178,21
DA:179,21
DA:180,21
DA:182,21
DA:183,21
DA:184,0
DA:185,0
DA:186,0
DA:187,0
DA:188,0
DA:189,0
DA:190,0
DA:191,0
DA:194,0
DA:195,0
DA:196,0
DA:197,0
DA:198,21
DA:199,21
DA:200,21
DA:201,21
DA:203,21
DA:204,21
DA:205,17
DA:206,17
DA:207,17
DA:208,17
DA:209,17
DA:210,17
DA:211,17
DA:212,17
DA:213,17
DA:214,17
DA:216,17
DA:217,17
DA:218,17
DA:219,17
DA:220,17
DA:221,17
DA:222,17
DA:223,17
DA:224,17
DA:225,17
DA:226,17
DA:227,17
DA:228,17
DA:229,17
DA:230,17
DA:231,17
DA:232,17
DA:233,17
DA:234,17
DA:235,17
DA:236,17
DA:237,17
DA:238,17
DA:239,17
DA:240,17
DA:242,17
DA:243,17
DA:244,17
DA:245,17
DA:247,21
DA:249,21
LF:188
LH:157
BRDA:44,0,0,21
BRDA:154,1,0,17
BRDA:204,2,0,17
BRDA:53,3,0,4
BRDA:54,4,0,2
BRDA:57,5,0,2
BRDA:93,6,0,8
BRDA:96,7,0,8
BRDA:100,8,0,2
BRDA:101,9,0,1
BRDA:157,10,0,4
BRDA:157,11,0,4
BRDA:219,12,0,5
BRDA:225,13,0,2
BRF:14
BRH:14
end_of_record
TN:
SF:src\features\accommodations\navbar\HostNavbar.tsx
FN:41,HostNavbar
FN:52,formatDate
FN:57,handleSearch
FN:68,handleHomeClick
FN:76,handleToggle
FN:102,handleLogout
FN:164,onClick
FN:173,onClick
FN:187,onClose
FN:199,onChange
FN:230,onChange
FN:236,onChange
FNF:12
FNH:10
FNDA:32,HostNavbar
FNDA:4,formatDate
FNDA:2,handleSearch
FNDA:2,handleHomeClick
FNDA:1,handleToggle
FNDA:0,handleLogout
FNDA:4,onClick
FNDA:2,onClick
FNDA:0,onClose
FNDA:1,onChange
FNDA:5,onChange
FNDA:2,onChange
DA:5,1
DA:17,1
DA:18,1
DA:19,1
DA:20,1
DA:21,1
DA:23,1
DA:26,1
DA:27,1
DA:39,1
DA:40,1
DA:41,32
DA:42,32
DA:43,32
DA:44,32
DA:45,32
DA:46,32
DA:47,32
DA:48,32
DA:50,32
DA:52,32
DA:53,4
DA:54,2
DA:55,4
DA:57,32
DA:58,2
DA:59,2
DA:60,2
DA:61,2
DA:62,2
DA:63,2
DA:64,2
DA:65,2
DA:66,2
DA:68,32
DA:69,2
DA:70,1
DA:71,1
DA:72,1
DA:73,1
DA:74,2
DA:76,32
DA:77,1
DA:78,1
DA:79,2
DA:80,1
DA:81,1
DA:83,1
DA:84,1
DA:85,1
DA:86,1
DA:87,1
DA:88,1
DA:89,1
DA:90,0
DA:91,1
DA:92,1
DA:93,1
DA:96,32
DA:97,8
DA:98,8
DA:99,8
DA:100,32
DA:102,32
DA:103,0
DA:104,0
DA:105,0
DA:108,32
DA:109,32
DA:110,32
DA:111,32
DA:112,32
DA:113,32
DA:114,32
DA:115,32
DA:116,32
DA:118,32
DA:120,32
DA:121,32
DA:122,32
DA:123,32
DA:124,32
DA:125,32
DA:127,32
DA:128,32
DA:130,32
DA:131,32
DA:132,32
DA:133,32
DA:134,32
DA:135,32
DA:137,32
DA:139,32
DA:140,32
DA:141,32
DA:142,32
DA:143,32
DA:144,32
DA:146,32
DA:147,32
DA:148,32
DA:149,32
DA:150,32
DA:151,32
DA:152,32
DA:154,32
DA:155,32
DA:159,32
DA:160,32
DA:162,28
DA:163,28
DA:164,28
DA:165,28
DA:167,28
DA:168,28
DA:171,32
DA:172,32
DA:173,32
DA:174,32
DA:176,32
DA:177,32
DA:179,32
DA:180,32
DA:181,32
DA:182,32
DA:183,32
DA:184,32
DA:185,32
DA:186,32
DA:187,32
DA:188,32
DA:189,32
DA:191,32
DA:192,32
DA:193,12
DA:194,12
DA:195,12
DA:196,12
DA:197,12
DA:198,12
DA:199,12
DA:200,12
DA:203,12
DA:204,12
DA:205,12
DA:206,12
DA:207,32
DA:208,32
DA:209,32
DA:210,32
DA:212,32
DA:215,32
DA:216,28
DA:217,28
DA:218,28
DA:219,28
DA:220,28
DA:221,28
DA:222,28
DA:223,28
DA:224,28
DA:225,28
DA:227,28
DA:228,28
DA:229,28
DA:230,28
DA:231,28
DA:232,28
DA:233,28
DA:234,28
DA:235,28
DA:236,28
DA:237,28
DA:238,28
DA:239,28
DA:240,28
DA:241,28
DA:242,28
DA:243,28
DA:244,28
DA:245,28
DA:246,28
DA:247,28
DA:248,28
DA:249,28
DA:250,28
DA:251,28
DA:253,28
DA:254,28
DA:255,28
DA:256,28
DA:258,32
DA:260,32
LF:193
LH:189
BRDA:41,0,0,32
BRDA:160,1,0,28
BRDA:215,2,0,28
BRDA:52,3,0,4
BRDA:53,4,0,2
BRDA:57,5,0,2
BRDA:68,6,0,2
BRDA:69,7,0,1
BRDA:76,8,0,1
BRDA:77,9,0,1
BRDA:78,10,0,2
BRDA:79,11,0,1
BRDA:79,12,0,1
BRDA:83,13,0,1
BRDA:86,14,0,1
BRDA:96,15,0,8
BRDA:164,16,0,4
BRDA:164,17,0,4
BRDA:173,18,0,2
BRDA:192,19,0,12
BRDA:199,20,0,1
BRDA:230,21,0,5
BRDA:236,22,0,2
BRF:23
BRH:23
end_of_record
TN:
SF:src\features\accommodations\navbar\Navbar.tsx
FN:32,Navbar
FN:39,formatDate
FN:43,handleSearch
FN:57,handleHomeClick
FN:105,onClick
FN:111,onClick
FN:117,onClick
FN:139,onChange
FN:145,onChange
FNF:9
FNH:9
FNDA:13,Navbar
FNDA:2,formatDate
FNDA:1,handleSearch
FNDA:1,handleHomeClick
FNDA:1,onClick
FNDA:1,onClick
FNDA:1,onClick
FNDA:5,onChange
FNDA:2,onChange
DA:1,1
DA:12,1
DA:13,1
DA:14,1
DA:15,1
DA:16,1
DA:18,1
DA:19,1
DA:32,13
DA:33,13
DA:34,13
DA:35,13
DA:36,13
DA:37,13
DA:39,13
DA:40,2
DA:41,2
DA:42,2
DA:43,13
DA:44,1
DA:45,1
DA:46,1
DA:47,1
DA:48,1
DA:49,1
DA:50,1
DA:51,1
DA:52,1
DA:53,13
DA:57,13
DA:58,1
DA:59,1
DA:60,1
DA:61,0
DA:62,0
DA:63,1
DA:66,13
DA:67,13
DA:68,13
DA:69,13
DA:70,13
DA:71,13
DA:72,13
DA:73,13
DA:74,13
DA:76,13
DA:77,13
DA:78,13
DA:79,13
DA:80,13
DA:81,13
DA:83,13
DA:84,13
DA:85,13
DA:86,13
DA:87,13
DA:88,13
DA:89,13
DA:90,13
DA:91,13
DA:92,13
DA:93,13
DA:94,13
DA:95,13
DA:96,13
DA:99,13
DA:101,13
DA:102,13
DA:103,11
DA:104,11
DA:105,11
DA:107,11
DA:108,11
DA:110,13
DA:111,13
DA:112,13
DA:113,13
DA:114,13
DA:116,13
DA:117,13
DA:118,13
DA:119,13
DA:120,13
DA:121,13
DA:123,13
DA:124,13
DA:125,11
DA:126,11
DA:127,11
DA:128,11
DA:129,11
DA:130,11
DA:131,11
DA:132,11
DA:133,11
DA:134,11
DA:136,11
DA:137,11
DA:138,11
DA:139,11
DA:140,11
DA:141,11
DA:142,11
DA:143,11
DA:144,11
DA:145,11
DA:146,11
DA:147,11
DA:148,11
DA:149,11
DA:150,11
DA:151,11
DA:152,11
DA:153,11
DA:154,11
DA:155,11
DA:156,11
DA:157,11
DA:158,11
DA:159,11
DA:160,11
DA:162,11
DA:163,11
DA:164,11
DA:165,11
DA:167,13
DA:169,13
LF:127
LH:125
BRDA:32,0,0,13
BRDA:102,1,0,11
BRDA:124,2,0,11
BRDA:39,3,0,2
BRDA:40,4,0,0
BRDA:43,5,0,1
BRDA:57,6,0,1
BRDA:60,7,0,0
BRDA:105,8,0,1
BRDA:105,9,0,1
BRDA:111,10,0,1
BRDA:117,11,0,1
BRDA:139,12,0,5
BRDA:145,13,0,2
BRF:14
BRH:12
end_of_record
TN:
SF:src\features\accommodations\pages\AccommodationCard.tsx
FN:19,AccommodationCard
FN:50,onClick
FN:59,onClick
FNF:3
FNH:3
FNDA:6,AccommodationCard
FNDA:1,onClick
FNDA:1,onClick
DA:1,1
DA:3,1
DA:12,1
DA:13,1
DA:15,1
DA:19,6
DA:20,6
DA:21,6
DA:24,6
DA:25,6
DA:26,6
DA:27,4
DA:28,4
DA:29,4
DA:30,4
DA:31,4
DA:33,4
DA:34,8
DA:35,8
DA:36,8
DA:37,8
DA:38,8
DA:39,8
DA:40,4
DA:41,4
DA:43,4
DA:44,4
DA:45,4
DA:46,4
DA:47,4
DA:48,4
DA:49,4
DA:50,4
DA:51,4
DA:52,4
DA:53,4
DA:54,4
DA:56,4
DA:57,4
DA:58,4
DA:59,4
DA:60,4
DA:62,4
DA:63,4
DA:65,4
DA:66,4
DA:70,6
DA:71,6
DA:72,6
DA:73,6
DA:74,6
DA:75,6
DA:76,6
DA:77,6
DA:78,6
DA:79,6
DA:80,6
DA:81,6
DA:82,6
DA:83,6
DA:84,6
DA:85,6
DA:86,6
DA:87,6
DA:89,6
DA:90,6
DA:92,6
DA:94,6
DA:95,6
DA:96,6
DA:97,6
DA:98,6
DA:99,6
DA:101,6
DA:103,6
DA:104,6
DA:106,6
LF:77
LH:77
BRDA:19,0,0,6
BRDA:21,1,0,0
BRDA:26,2,0,4
BRDA:51,3,0,3
BRDA:60,4,0,1
BRDA:89,5,0,2
BRDA:33,6,0,8
BRDA:50,7,0,1
BRDA:50,8,0,1
BRDA:59,9,0,1
BRDA:59,10,0,1
BRF:11
BRH:10
end_of_record
TN:
SF:src\features\accommodations\pages\AccommodationDashboard.tsx
FN:19,AccommodationDashboard
FN:31,handleChangePage
FN:44,onSearch
FN:53,onHome
FN:69,onSearch
FN:79,onHome
FN:94,onSearch
FN:104,onHome
FNF:8
FNH:4
FNDA:6,AccommodationDashboard
FNDA:1,handleChangePage
FNDA:1,onSearch
FNDA:0,onHome
FNDA:0,onSearch
FNDA:1,onHome
FNDA:0,onSearch
FNDA:0,onHome
DA:1,1
DA:3,1
DA:10,1
DA:11,1
DA:12,1
DA:13,1
DA:14,1
DA:15,1
DA:17,1
DA:19,6
DA:20,6
DA:21,6
DA:22,6
DA:23,6
DA:25,6
DA:26,2
DA:27,2
DA:28,2
DA:29,6
DA:31,6
DA:32,1
DA:33,1
DA:36,6
DA:37,6
DA:38,6
DA:40,6
DA:41,6
DA:42,6
DA:43,2
DA:44,2
DA:45,1
DA:46,1
DA:47,1
DA:48,1
DA:49,0
DA:50,0
DA:51,1
DA:53,2
DA:54,0
DA:55,0
DA:56,0
DA:57,0
DA:58,0
DA:59,0
DA:60,0
DA:61,0
DA:62,0
DA:63,2
DA:64,2
DA:68,6
DA:69,4
DA:70,0
DA:71,0
DA:72,0
DA:73,0
DA:74,0
DA:75,0
DA:76,0
DA:77,0
DA:79,4
DA:80,1
DA:81,1
DA:82,1
DA:83,1
DA:84,1
DA:85,1
DA:86,0
DA:87,0
DA:88,1
DA:89,4
DA:90,4
DA:93,6
DA:94,0
DA:95,0
DA:96,0
DA:97,0
DA:98,0
DA:99,0
DA:100,0
DA:101,0
DA:102,0
DA:104,0
DA:105,0
DA:106,0
DA:107,0
DA:108,0
DA:109,0
DA:110,0
DA:111,0
DA:112,0
DA:113,0
DA:114,0
DA:115,0
DA:116,6
DA:117,6
DA:118,6
DA:119,6
DA:120,6
DA:121,6
DA:122,6
DA:123,6
DA:124,6
DA:125,6
DA:126,6
DA:127,6
DA:128,6
DA:129,6
DA:130,6
DA:131,6
DA:133,6
DA:135,6
DA:136,6
DA:138,16
DA:139,16
DA:140,16
DA:141,6
DA:142,6
DA:147,6
DA:148,6
DA:149,6
DA:150,6
DA:151,6
DA:152,6
DA:153,6
DA:154,6
DA:155,6
DA:156,6
DA:158,6
LF:128
LH:86
BRDA:19,0,0,6
BRDA:42,1,0,2
BRDA:68,2,0,4
BRDA:93,3,0,0
BRDA:25,4,0,2
BRDA:31,5,0,1
BRDA:44,6,0,1
BRDA:48,7,0,0
BRDA:79,8,0,1
BRDA:85,9,0,0
BRDA:136,10,0,16
BRF:11
BRH:8
end_of_record
TN:
SF:src\features\accommodations\pages\AccommodationDetailsPage.tsx
FN:26,AccommodationDetailsPage
FN:180,onClick
FN:189,onClick
FN:199,onClick
FN:210,onClick
FN:226,onClick
FNF:6
FNH:5
FNDA:9,AccommodationDetailsPage
FNDA:1,onClick
FNDA:1,onClick
FNDA:1,onClick
FNDA:1,onClick
FNDA:0,onClick
DA:1,1
DA:3,1
DA:12,1
DA:13,1
DA:14,1
DA:16,1
DA:17,1
DA:18,1
DA:19,1
DA:20,1
DA:21,1
DA:22,1
DA:24,1
DA:25,1
DA:26,9
DA:27,9
DA:28,9
DA:29,9
DA:31,9
DA:32,9
DA:33,9
DA:34,9
DA:35,9
DA:36,9
DA:39,9
DA:40,5
DA:42,4
DA:43,4
DA:44,3
DA:45,4
DA:46,4
DA:47,1
DA:48,1
DA:49,4
DA:50,9
DA:52,9
DA:53,8
DA:55,2
DA:56,2
DA:57,2
DA:59,2
DA:60,2
DA:61,2
DA:62,2
DA:63,0
DA:64,2
DA:65,9
DA:68,9
DA:69,1
DA:70,1
DA:71,1
DA:72,1
DA:74,1
DA:76,9
DA:77,5
DA:78,5
DA:79,5
DA:80,5
DA:82,5
DA:84,3
DA:85,3
DA:86,9
DA:87,9
DA:88,9
DA:89,9
DA:90,9
DA:91,9
DA:92,9
DA:93,9
DA:94,9
DA:96,9
DA:97,9
DA:99,9
DA:100,9
DA:101,9
DA:102,9
DA:104,9
DA:106,9
DA:107,9
DA:108,9
DA:111,9
DA:112,9
DA:113,9
DA:114,9
DA:115,9
DA:116,9
DA:117,9
DA:118,9
DA:119,9
DA:120,9
DA:121,9
DA:122,9
DA:123,9
DA:124,9
DA:125,9
DA:126,9
DA:127,9
DA:130,9
DA:131,9
DA:133,9
DA:134,9
DA:135,9
DA:136,2
DA:137,9
DA:138,9
DA:139,9
DA:141,9
DA:142,0
DA:143,0
DA:144,0
DA:145,0
DA:146,0
DA:147,0
DA:148,0
DA:150,0
DA:151,0
DA:152,0
DA:153,0
DA:154,0
DA:155,0
DA:156,0
DA:157,0
DA:158,0
DA:159,0
DA:160,0
DA:161,0
DA:162,0
DA:163,0
DA:164,0
DA:165,0
DA:166,0
DA:167,0
DA:168,0
DA:169,0
DA:170,0
DA:171,0
DA:175,9
DA:176,9
DA:177,1
DA:178,1
DA:179,1
DA:180,1
DA:181,1
DA:183,1
DA:185,9
DA:186,1
DA:187,1
DA:188,1
DA:189,1
DA:190,1
DA:192,1
DA:194,9
DA:195,2
DA:196,2
DA:197,2
DA:198,2
DA:199,2
DA:200,2
DA:202,2
DA:204,2
DA:206,9
DA:207,1
DA:208,1
DA:209,1
DA:210,1
DA:211,1
DA:213,1
DA:215,9
DA:217,9
DA:218,2
DA:220,9
DA:221,9
DA:222,0
DA:223,0
DA:224,0
DA:225,0
DA:226,0
DA:227,0
DA:229,0
DA:230,0
DA:233,9
DA:234,9
DA:235,9
DA:237,9
LF:184
LH:146
BRDA:26,0,0,9
BRDA:68,1,0,1
BRDA:74,2,0,8
BRDA:76,3,0,5
BRDA:82,4,0,3
BRDA:86,5,0,1
BRDA:87,6,0,2
BRDA:88,7,0,0
BRDA:124,8,0,2
BRDA:124,9,0,1
BRDA:141,10,0,0
BRDA:176,11,0,1
BRDA:176,12,0,1
BRDA:185,13,0,1
BRDA:185,14,0,1
BRDA:194,15,0,2
BRDA:206,16,0,1
BRDA:206,17,0,1
BRDA:217,18,0,3
BRDA:217,19,0,2
BRDA:221,20,0,2
BRDA:221,21,0,0
BRDA:39,22,0,5
BRDA:40,23,0,1
BRDA:40,24,0,4
BRDA:43,25,0,3
BRDA:46,26,0,1
BRDA:52,27,0,8
BRDA:53,28,0,5
BRDA:53,29,0,2
BRDA:53,30,0,6
BRDA:53,31,0,2
BRDA:59,32,0,0
BRDA:59,33,0,2
BRDA:135,34,0,2
BRDA:180,35,0,1
BRDA:189,36,0,1
BRDA:199,37,0,1
BRDA:210,38,0,1
BRF:39
BRH:35
end_of_record
TN:
SF:src\features\accommodations\pages\EditAccommodationPage.tsx
FN:34,EditAccommodationPage
FN:86,handleChange
FN:90,handleLocationChange
FN:97,handleFileDrop
FN:104,handleSubmit
FN:177,onChange
FN:187,onChange
FN:200,onChange
FN:210,onChange
FN:220,onChange
FN:234,onChange
FN:245,onChange
FN:254,onChange
FN:272,onChange
FN:284,onChange
FN:290,renderValue
FN:364,onClick
FN:412,onClick
FN:452,onChange
FN:480,onClose
FNF:20
FNH:17
FNDA:28,EditAccommodationPage
FNDA:6,handleChange
FNDA:3,handleLocationChange
FNDA:2,handleFileDrop
FNDA:4,handleSubmit
FNDA:1,onChange
FNDA:1,onChange
FNDA:1,onChange
FNDA:1,onChange
FNDA:0,onChange
FNDA:1,onChange
FNDA:1,onChange
FNDA:1,onChange
FNDA:1,onChange
FNDA:0,onChange
FNDA:28,renderValue
FNDA:1,onClick
FNDA:1,onClick
FNDA:1,onChange
FNDA:0,onClose
DA:1,1
DA:3,1
DA:19,1
DA:20,1
DA:21,1
DA:22,1
DA:24,1
DA:26,1
DA:32,1
DA:34,28
DA:35,28
DA:36,28
DA:37,28
DA:39,28
DA:40,28
DA:41,28
DA:42,28
DA:43,28
DA:44,28
DA:45,28
DA:46,28
DA:47,28
DA:48,28
DA:49,28
DA:51,28
DA:52,28
DA:53,28
DA:54,28
DA:56,28
DA:59,28
DA:60,4
DA:61,28
DA:64,28
DA:65,4
DA:67,4
DA:68,4
DA:69,4
DA:70,4
DA:71,4
DA:72,4
DA:73,4
DA:74,4
DA:75,4
DA:76,4
DA:77,4
DA:78,4
DA:79,4
DA:80,4
DA:81,4
DA:82,4
DA:83,28
DA:86,28
DA:87,6
DA:88,6
DA:90,28
DA:91,3
DA:92,3
DA:93,3
DA:94,3
DA:95,3
DA:97,28
DA:98,2
DA:99,2
DA:100,2
DA:101,2
DA:102,2
DA:104,28
DA:105,4
DA:107,4
DA:108,4
DA:109,4
DA:110,4
DA:111,4
DA:112,4
DA:113,4
DA:114,4
DA:116,4
DA:117,1
DA:118,1
DA:119,1
DA:121,3
DA:122,3
DA:125,3
DA:126,3
DA:127,3
DA:130,4
DA:132,4
DA:134,3
DA:135,3
DA:136,2
DA:137,3
DA:138,4
DA:139,0
DA:140,4
DA:141,3
DA:142,3
DA:143,4
DA:145,28
DA:146,28
DA:147,28
DA:148,28
DA:149,28
DA:150,28
DA:151,28
DA:152,28
DA:153,28
DA:154,28
DA:155,28
DA:156,28
DA:157,28
DA:158,28
DA:159,28
DA:160,28
DA:161,28
DA:162,28
DA:163,28
DA:165,28
DA:167,28
DA:169,28
DA:170,28
DA:171,28
DA:172,28
DA:173,28
DA:174,28
DA:175,28
DA:176,28
DA:177,28
DA:178,28
DA:179,28
DA:180,28
DA:181,28
DA:182,28
DA:183,28
DA:184,28
DA:185,28
DA:186,28
DA:187,28
DA:188,28
DA:189,28
DA:190,28
DA:192,28
DA:193,28
DA:194,28
DA:195,28
DA:196,28
DA:197,28
DA:198,28
DA:199,28
DA:200,28
DA:201,28
DA:202,28
DA:203,28
DA:204,28
DA:205,28
DA:206,28
DA:207,28
DA:208,28
DA:209,28
DA:210,28
DA:211,28
DA:212,28
DA:213,28
DA:214,28
DA:215,28
DA:216,28
DA:217,28
DA:218,28
DA:219,28
DA:220,28
DA:221,28
DA:222,28
DA:223,28
DA:225,28
DA:226,28
DA:227,28
DA:228,28
DA:229,28
DA:230,28
DA:231,28
DA:232,28
DA:233,28
DA:234,28
DA:235,28
DA:236,28
DA:237,28
DA:238,28
DA:239,28
DA:240,28
DA:241,28
DA:242,28
DA:243,28
DA:244,28
DA:245,28
DA:246,28
DA:247,28
DA:248,28
DA:249,28
DA:250,28
DA:251,28
DA:252,28
DA:253,28
DA:254,28
DA:256,28
DA:257,28
DA:258,28
DA:259,28
DA:260,28
DA:262,28
DA:263,28
DA:264,28
DA:265,28
DA:266,28
DA:267,28
DA:268,28
DA:269,28
DA:270,28
DA:271,28
DA:272,28
DA:273,28
DA:274,28
DA:275,28
DA:278,28
DA:279,28
DA:280,28
DA:281,28
DA:282,28
DA:283,28
DA:284,28
DA:285,0
DA:286,0
DA:287,0
DA:288,0
DA:290,28
DA:291,28
DA:292,28
DA:293,28
DA:294,28
DA:295,28
DA:297,28
DA:298,24
DA:299,24
DA:300,24
DA:301,24
DA:302,28
DA:303,28
DA:304,28
DA:306,28
DA:307,28
DA:308,28
DA:309,28
DA:310,28
DA:311,28
DA:312,28
DA:313,28
DA:314,28
DA:315,28
DA:316,28
DA:317,28
DA:319,28
DA:320,28
DA:321,28
DA:322,28
DA:323,28
DA:324,28
DA:325,28
DA:326,28
DA:327,28
DA:328,28
DA:329,28
DA:333,28
DA:334,28
DA:335,28
DA:336,28
DA:337,28
DA:338,28
DA:339,28
DA:342,28
DA:344,25
DA:345,25
DA:346,25
DA:347,25
DA:348,25
DA:349,25
DA:350,25
DA:352,25
DA:353,25
DA:354,25
DA:355,25
DA:356,25
DA:357,25
DA:358,25
DA:359,25
DA:360,25
DA:361,25
DA:362,25
DA:363,25
DA:364,25
DA:365,1
DA:366,1
DA:367,1
DA:368,1
DA:370,25
DA:371,25
DA:372,25
DA:373,25
DA:374,25
DA:375,25
DA:376,25
DA:377,25
DA:378,25
DA:379,25
DA:380,25
DA:381,25
DA:382,25
DA:383,25
DA:384,25
DA:386,25
DA:387,25
DA:388,28
DA:391,28
DA:392,9
DA:393,9
DA:394,9
DA:395,9
DA:396,9
DA:397,9
DA:398,9
DA:400,9
DA:401,9
DA:402,9
DA:403,9
DA:404,9
DA:405,9
DA:406,9
DA:407,9
DA:408,9
DA:409,9
DA:410,9
DA:411,9
DA:412,9
DA:413,1
DA:414,1
DA:415,1
DA:417,9
DA:418,9
DA:419,9
DA:420,9
DA:421,9
DA:422,9
DA:423,9
DA:424,9
DA:425,9
DA:426,9
DA:427,9
DA:428,9
DA:429,9
DA:430,9
DA:431,9
DA:433,9
DA:434,9
DA:435,28
DA:436,28
DA:439,28
DA:440,28
DA:441,28
DA:442,28
DA:443,28
DA:444,28
DA:445,28
DA:448,28
DA:449,28
DA:450,28
DA:451,28
DA:452,28
DA:453,28
DA:455,28
DA:456,28
DA:459,28
DA:460,28
DA:461,28
DA:462,28
DA:463,28
DA:464,28
DA:466,28
DA:467,3
DA:469,25
DA:471,28
DA:472,28
DA:473,28
DA:474,28
DA:475,28
DA:477,28
DA:478,28
DA:479,28
DA:480,28
DA:481,28
DA:482,28
DA:483,28
DA:485,28
LF:399
LH:394
BRDA:34,0,0,28
BRDA:283,1,0,0
BRDA:466,2,0,3
BRDA:467,3,0,25
BRDA:59,4,0,4
BRDA:64,5,0,4
BRDA:65,6,0,0
BRDA:68,7,0,4
BRDA:78,8,0,0
BRDA:79,9,0,0
BRDA:79,10,0,4
BRDA:86,11,0,6
BRDA:90,12,0,3
BRDA:97,13,0,2
BRDA:100,14,0,2
BRDA:104,15,0,4
BRDA:107,16,0,1
BRDA:108,17,0,0
BRDA:109,18,0,0
BRDA:110,19,0,0
BRDA:111,20,0,0
BRDA:112,21,0,0
BRDA:113,22,0,0
BRDA:114,23,0,0
BRDA:116,24,0,1
BRDA:119,25,0,3
BRDA:130,26,0,0
BRDA:132,27,0,3
BRDA:138,28,0,0
BRDA:140,29,0,3
BRDA:126,30,0,1
BRDA:135,31,0,2
BRDA:177,32,0,1
BRDA:187,33,0,1
BRDA:200,34,0,1
BRDA:210,35,0,1
BRDA:234,36,0,1
BRDA:245,37,0,1
BRDA:254,38,0,1
BRDA:272,39,0,1
BRDA:290,40,0,28
BRDA:292,41,0,28
BRDA:293,42,0,28
BRDA:297,43,0,24
BRDA:342,44,0,25
BRDA:364,45,0,1
BRDA:365,46,0,1
BRDA:367,47,0,2
BRDA:391,48,0,9
BRDA:412,49,0,1
BRDA:413,50,0,1
BRDA:414,51,0,1
BRDA:452,52,0,1
BRF:53
BRH:40
end_of_record
TN:
SF:src\features\accommodations\pages\NewAccommodationPage.tsx
FN:27,NewAccommodationPage
FN:48,handleChange
FN:52,handleLocationChange
FN:59,handleFileDrop
FN:74,handleSubmit
FN:150,onChange
FN:160,onChange
FN:174,onChange
FN:184,onChange
FN:194,onChange
FN:211,onChange
FN:222,onChange
FN:233,onChange
FN:252,onChange
FN:264,onChange
FN:270,renderValue
FN:340,onClick
FN:382,onChange
FN:409,onClose
FNF:19
FNH:11
FNDA:14,NewAccommodationPage
FNDA:2,handleChange
FNDA:4,handleLocationChange
FNDA:1,handleFileDrop
FNDA:2,handleSubmit
FNDA:1,onChange
FNDA:1,onChange
FNDA:1,onChange
FNDA:1,onChange
FNDA:1,onChange
FNDA:0,onChange
FNDA:0,onChange
FNDA:0,onChange
FNDA:1,onChange
FNDA:0,onChange
FNDA:0,renderValue
FNDA:0,onClick
FNDA:0,onChange
FNDA:0,onClose
DA:1,1
DA:2,1
DA:17,1
DA:19,1
DA:20,1
DA:21,1
DA:22,1
DA:23,1
DA:25,1
DA:27,14
DA:28,14
DA:30,14
DA:31,14
DA:32,14
DA:33,14
DA:34,14
DA:35,14
DA:36,14
DA:37,14
DA:38,14
DA:39,14
DA:40,14
DA:42,14
DA:43,14
DA:44,14
DA:45,14
DA:46,14
DA:48,14
DA:49,2
DA:50,2
DA:52,14
DA:53,4
DA:54,4
DA:55,4
DA:56,4
DA:57,4
DA:59,14
DA:60,1
DA:61,1
DA:62,1
DA:63,1
DA:64,1
DA:67,14
DA:69,14
DA:70,2
DA:71,14
DA:74,14
DA:75,2
DA:78,2
DA:79,2
DA:80,2
DA:81,2
DA:82,2
DA:83,2
DA:84,2
DA:85,2
DA:86,2
DA:88,2
DA:89,1
DA:90,1
DA:91,1
DA:93,1
DA:94,1
DA:97,1
DA:98,1
DA:99,1
DA:102,1
DA:103,1
DA:104,1
DA:106,1
DA:107,1
DA:108,0
DA:109,1
DA:110,2
DA:111,0
DA:112,2
DA:113,1
DA:114,1
DA:115,2
DA:118,14
DA:119,14
DA:120,14
DA:121,14
DA:122,14
DA:123,14
DA:124,14
DA:125,14
DA:126,14
DA:127,14
DA:128,14
DA:129,14
DA:130,14
DA:131,14
DA:132,14
DA:133,14
DA:134,14
DA:135,14
DA:136,14
DA:138,14
DA:140,14
DA:142,14
DA:143,14
DA:144,14
DA:145,14
DA:146,14
DA:147,14
DA:148,14
DA:149,14
DA:150,14
DA:151,14
DA:152,14
DA:153,14
DA:154,14
DA:155,14
DA:156,14
DA:157,14
DA:158,14
DA:159,14
DA:160,14
DA:161,14
DA:162,14
DA:163,14
DA:166,14
DA:167,14
DA:168,14
DA:169,14
DA:170,14
DA:171,14
DA:172,14
DA:173,14
DA:174,14
DA:175,14
DA:176,14
DA:177,14
DA:178,14
DA:179,14
DA:180,14
DA:181,14
DA:182,14
DA:183,14
DA:184,14
DA:185,14
DA:186,14
DA:187,14
DA:188,14
DA:189,14
DA:190,14
DA:191,14
DA:192,14
DA:193,14
DA:194,14
DA:195,1
DA:197,14
DA:198,14
DA:199,14
DA:202,14
DA:203,14
DA:204,14
DA:205,14
DA:206,14
DA:207,14
DA:208,14
DA:209,14
DA:210,14
DA:211,14
DA:212,14
DA:213,14
DA:214,14
DA:215,14
DA:216,14
DA:217,14
DA:218,14
DA:219,14
DA:220,14
DA:221,14
DA:222,14
DA:223,14
DA:224,14
DA:225,14
DA:226,14
DA:227,14
DA:228,14
DA:229,14
DA:230,14
DA:231,14
DA:232,14
DA:233,14
DA:235,14
DA:236,14
DA:237,14
DA:238,14
DA:239,14
DA:242,14
DA:243,14
DA:244,14
DA:245,14
DA:246,14
DA:247,14
DA:248,14
DA:249,14
DA:250,14
DA:251,14
DA:252,14
DA:253,14
DA:254,14
DA:255,14
DA:258,14
DA:259,14
DA:260,14
DA:261,14
DA:262,14
DA:263,14
DA:264,14
DA:265,0
DA:266,0
DA:267,0
DA:268,0
DA:270,14
DA:271,0
DA:272,0
DA:273,0
DA:274,0
DA:275,0
DA:277,14
DA:278,6
DA:279,6
DA:280,6
DA:281,6
DA:282,14
DA:283,14
DA:284,14
DA:287,14
DA:288,14
DA:289,14
DA:290,14
DA:291,14
DA:292,14
DA:293,14
DA:294,14
DA:295,14
DA:296,14
DA:297,14
DA:298,14
DA:300,14
DA:301,14
DA:302,14
DA:303,14
DA:304,14
DA:305,14
DA:306,14
DA:307,14
DA:308,14
DA:311,14
DA:312,14
DA:313,14
DA:314,14
DA:315,14
DA:316,14
DA:317,14
DA:319,14
DA:320,3
DA:321,3
DA:322,3
DA:323,3
DA:324,3
DA:325,3
DA:326,3
DA:328,3
DA:329,3
DA:330,3
DA:331,3
DA:332,3
DA:333,3
DA:334,3
DA:335,3
DA:336,3
DA:337,3
DA:338,3
DA:339,3
DA:340,3
DA:341,0
DA:342,0
DA:343,0
DA:345,3
DA:346,3
DA:347,3
DA:348,3
DA:349,3
DA:350,3
DA:351,3
DA:352,3
DA:353,3
DA:354,3
DA:355,3
DA:356,3
DA:357,3
DA:358,3
DA:359,3
DA:361,3
DA:362,3
DA:363,14
DA:364,14
DA:365,14
DA:366,14
DA:369,14
DA:370,14
DA:371,14
DA:372,14
DA:373,14
DA:374,14
DA:375,14
DA:376,14
DA:378,14
DA:379,14
DA:380,14
DA:381,14
DA:382,14
DA:383,0
DA:385,14
DA:387,14
DA:388,14
DA:389,14
DA:390,14
DA:391,14
DA:392,14
DA:393,14
DA:394,14
DA:396,14
DA:397,1
DA:399,13
DA:401,14
DA:402,14
DA:403,14
DA:404,14
DA:405,14
DA:406,14
DA:407,14
DA:408,14
DA:409,14
DA:410,14
DA:411,14
DA:412,14
DA:417,14
LF:343
LH:328
BRDA:27,0,0,14
BRDA:263,1,0,0
BRDA:396,2,0,1
BRDA:397,3,0,13
BRDA:48,4,0,2
BRDA:52,5,0,4
BRDA:59,6,0,1
BRDA:62,7,0,1
BRDA:69,8,0,2
BRDA:74,9,0,2
BRDA:78,10,0,1
BRDA:79,11,0,1
BRDA:80,12,0,1
BRDA:81,13,0,1
BRDA:82,14,0,1
BRDA:83,15,0,0
BRDA:84,16,0,0
BRDA:85,17,0,1
BRDA:86,18,0,1
BRDA:88,19,0,1
BRDA:110,20,0,0
BRDA:112,21,0,1
BRDA:98,22,0,1
BRDA:150,23,0,1
BRDA:160,24,0,1
BRDA:174,25,0,1
BRDA:184,26,0,1
BRDA:194,27,0,1
BRDA:252,28,0,1
BRDA:277,29,0,6
BRDA:319,30,0,3
BRF:31
BRH:27
end_of_record
TN:
SF:src\features\accommodations\pages\NewAmenityPage.tsx
FN:23,NewAmenityPage
FN:36,handleChange
FN:40,handleSubmit
FN:97,onChange
FN:108,onChange
FN:131,onClose
FNF:6
FNH:5
FNDA:6,NewAmenityPage
FNDA:2,handleChange
FNDA:2,handleSubmit
FNDA:1,onChange
FNDA:1,onChange
FNDA:0,onClose
DA:1,1
DA:2,1
DA:12,1
DA:13,1
DA:14,1
DA:15,1
DA:23,6
DA:24,6
DA:25,6
DA:27,6
DA:28,6
DA:29,6
DA:30,6
DA:32,6
DA:33,6
DA:34,6
DA:36,6
DA:37,2
DA:38,2
DA:40,6
DA:41,2
DA:43,2
DA:44,2
DA:46,2
DA:47,1
DA:48,1
DA:49,1
DA:51,1
DA:52,1
DA:53,1
DA:55,1
DA:56,1
DA:59,1
DA:60,2
DA:61,0
DA:62,2
DA:63,1
DA:64,1
DA:65,2
DA:67,6
DA:68,6
DA:69,6
DA:70,6
DA:71,6
DA:72,6
DA:73,6
DA:74,6
DA:75,6
DA:76,6
DA:77,6
DA:78,6
DA:79,6
DA:80,6
DA:81,6
DA:82,6
DA:83,6
DA:84,6
DA:85,6
DA:87,6
DA:89,6
DA:90,6
DA:91,6
DA:93,6
DA:94,6
DA:95,6
DA:96,6
DA:97,6
DA:98,6
DA:99,6
DA:100,6
DA:102,6
DA:103,6
DA:104,6
DA:105,6
DA:106,6
DA:107,6
DA:108,6
DA:109,6
DA:110,6
DA:111,6
DA:113,6
DA:114,6
DA:115,6
DA:116,6
DA:117,6
DA:118,6
DA:120,6
DA:121,6
DA:122,6
DA:123,6
DA:124,6
DA:125,6
DA:128,6
DA:129,6
DA:130,6
DA:131,6
DA:132,6
DA:133,6
DA:134,6
DA:136,6
LF:100
LH:99
BRDA:23,0,0,6
BRDA:120,1,0,1
BRDA:120,2,0,5
BRDA:36,3,0,2
BRDA:40,4,0,2
BRDA:43,5,0,1
BRDA:44,6,0,1
BRDA:46,7,0,1
BRDA:60,8,0,0
BRDA:62,9,0,1
BRDA:59,10,0,1
BRDA:97,11,0,1
BRDA:108,12,0,1
BRF:13
BRH:12
end_of_record
TN:
SF:src\features\accommodations\pages\PhotoCarousel.tsx
FN:16,PhotoCarousel
FN:20,handleNext
FN:24,handleBack
FN:28,handleStepChange
FNF:4
FNH:4
FNDA:12,PhotoCarousel
FNDA:3,handleNext
FNDA:3,handleBack
FNDA:1,handleStepChange
DA:1,1
DA:2,1
DA:8,1
DA:9,1
DA:16,12
DA:17,12
DA:18,12
DA:20,12
DA:21,3
DA:22,3
DA:24,12
DA:25,3
DA:26,3
DA:28,12
DA:29,1
DA:30,1
DA:32,12
DA:34,11
DA:35,11
DA:36,11
DA:37,11
DA:38,11
DA:39,11
DA:41,11
DA:42,28
DA:43,28
DA:44,28
DA:45,28
DA:46,28
DA:47,28
DA:48,28
DA:49,11
DA:50,11
DA:52,11
DA:53,10
DA:54,10
DA:55,10
DA:56,10
DA:57,10
DA:58,10
DA:59,10
DA:60,10
DA:62,10
DA:63,10
DA:64,10
DA:65,10
DA:67,10
DA:69,12
DA:71,12
LF:49
LH:49
BRDA:16,0,0,12
BRDA:32,1,0,1
BRDA:32,2,0,11
BRDA:52,3,0,10
BRDA:20,4,0,3
BRDA:21,5,0,3
BRDA:24,6,0,3
BRDA:25,7,0,3
BRDA:28,8,0,1
BRDA:41,9,0,28
BRF:10
BRH:10
end_of_record
TN:
SF:src\features\accommodations\pages\SearchResultsPage.tsx
FN:19,SearchResultsPage
FN:32,onSearch
FN:45,onSearch
FN:94,onClick
FNF:4
FNH:3
FNDA:7,SearchResultsPage
FNDA:1,onSearch
FNDA:0,onSearch
FNDA:1,onClick
DA:1,1
DA:2,1
DA:11,1
DA:14,1
DA:15,1
DA:16,1
DA:17,1
DA:19,7
DA:20,7
DA:21,7
DA:22,7
DA:23,7
DA:25,7
DA:27,7
DA:28,7
DA:29,7
DA:30,4
DA:31,4
DA:32,4
DA:33,1
DA:34,1
DA:35,1
DA:36,1
DA:37,0
DA:38,0
DA:39,1
DA:40,4
DA:42,7
DA:43,3
DA:44,3
DA:45,3
DA:46,0
DA:47,0
DA:48,0
DA:49,0
DA:50,0
DA:51,0
DA:52,0
DA:53,3
DA:55,7
DA:56,7
DA:57,7
DA:58,7
DA:59,7
DA:60,7
DA:61,7
DA:62,7
DA:63,7
DA:64,7
DA:65,7
DA:66,7
DA:67,7
DA:68,7
DA:69,7
DA:71,7
DA:73,7
DA:74,4
DA:76,4
DA:79,7
DA:80,3
DA:81,3
DA:82,3
DA:83,3
DA:84,3
DA:85,3
DA:86,3
DA:87,3
DA:88,3
DA:89,3
DA:90,3
DA:91,3
DA:92,3
DA:93,3
DA:94,3
DA:97,3
DA:98,1
DA:99,1
DA:100,1
DA:101,1
DA:102,1
DA:103,1
DA:106,3
DA:107,3
DA:108,3
DA:109,3
DA:110,3
DA:111,3
DA:112,3
DA:113,3
DA:114,3
DA:115,3
DA:116,3
DA:117,3
DA:118,3
DA:119,3
DA:120,3
DA:121,3
DA:122,3
DA:124,3
DA:125,3
DA:127,3
DA:128,3
DA:129,3
DA:132,3
DA:133,3
DA:134,3
DA:135,3
DA:136,3
DA:138,3
DA:139,3
DA:140,3
DA:141,3
DA:144,3
DA:145,3
DA:146,3
DA:147,3
DA:148,3
DA:149,3
DA:150,3
DA:151,7
DA:152,7
DA:153,7
DA:155,7
LF:123
LH:114
BRDA:19,0,0,7
BRDA:21,1,0,0
BRDA:29,2,0,4
BRDA:42,3,0,3
BRDA:73,4,0,4
BRDA:32,5,0,1
BRDA:36,6,0,0
BRDA:79,7,0,3
BRDA:97,8,0,1
BRDA:94,9,0,1
BRDA:145,10,0,3
BRF:11
BRH:9
end_of_record
TN:
SF:src\features\auth\api\authApi.ts
FN:53,setTokens
FN:63,clearTokens
FN:70,getAccessToken
FN:74,getTokenType
FN:78,authFetch
FN:89,registerUser
FN:102,getRole
FN:109,getUserId
FN:114,loginUser
FN:133,parseJwt
FN:160,getUserInfoFromToken
FN:198,refreshToken
FN:216,getProfile
FN:228,updateProfile
FN:238,changeCredentials
FN:248,logout
FN:259,getHostProfile
FNF:17
FNH:13
FNDA:7,setTokens
FNDA:7,clearTokens
FNDA:51,getAccessToken
FNDA:27,getTokenType
FNDA:6,authFetch
FNDA:5,registerUser
FNDA:0,getRole
FNDA:0,getUserId
FNDA:13,loginUser
FNDA:5,parseJwt
FNDA:5,getUserInfoFromToken
FNDA:2,refreshToken
FNDA:2,getProfile
FNDA:2,updateProfile
FNDA:2,changeCredentials
FNDA:0,logout
FNDA:0,getHostProfile
DA:53,1
DA:54,7
DA:55,7
DA:56,7
DA:57,7
DA:58,7
DA:59,7
DA:60,7
DA:61,7
DA:63,1
DA:64,7
DA:65,7
DA:66,7
DA:67,7
DA:68,7
DA:70,1
DA:71,51
DA:72,51
DA:74,1
DA:75,27
DA:76,27
DA:78,6
DA:79,6
DA:80,6
DA:81,6
DA:82,6
DA:83,6
DA:84,6
DA:85,6
DA:86,6
DA:87,6
DA:89,5
DA:90,5
DA:91,5
DA:92,5
DA:93,5
DA:94,5
DA:95,5
DA:96,5
DA:97,2
DA:98,2
DA:102,1
DA:103,0
DA:104,0
DA:109,1
DA:110,0
DA:111,0
DA:114,13
DA:116,13
DA:117,13
DA:118,13
DA:119,13
DA:120,13
DA:121,12
DA:122,7
DA:123,7
DA:124,7
DA:125,5
DA:126,5
DA:127,5
DA:128,5
DA:130,5
DA:131,5
DA:133,1
DA:134,5
DA:135,5
DA:136,5
DA:137,5
DA:138,5
DA:139,5
DA:140,5
DA:141,5
DA:142,5
DA:143,5
DA:144,5
DA:145,5
DA:146,5
DA:147,5
DA:148,5
DA:160,1
DA:161,5
DA:162,5
DA:163,0
DA:164,0
DA:165,5
DA:166,5
DA:167,5
DA:168,0
DA:169,0
DA:170,0
DA:172,5
DA:174,5
DA:176,5
DA:177,0
DA:178,0
DA:180,5
DA:181,0
DA:182,0
DA:183,0
DA:184,0
DA:186,5
DA:187,5
DA:189,5
DA:190,5
DA:191,5
DA:192,5
DA:193,5
DA:194,5
DA:195,5
DA:196,5
DA:198,2
DA:199,2
DA:200,2
DA:201,2
DA:202,2
DA:203,2
DA:204,2
DA:205,2
DA:206,2
DA:207,1
DA:208,1
DA:209,1
DA:210,1
DA:211,1
DA:212,1
DA:213,1
DA:214,1
DA:216,2
DA:217,2
DA:218,2
DA:219,2
DA:220,2
DA:221,1
DA:222,1
DA:223,1
DA:224,1
DA:226,1
DA:228,2
DA:229,2
DA:230,2
DA:231,2
DA:232,2
DA:233,2
DA:234,2
DA:235,1
DA:236,1
DA:238,2
DA:239,2
DA:240,2
DA:241,2
DA:242,2
DA:243,2
DA:244,2
DA:245,1
DA:246,1
DA:248,1
DA:249,0
DA:250,0
DA:259,0
DA:260,0
DA:261,0
DA:262,0
DA:263,0
DA:264,0
DA:265,0
DA:267,0
DA:268,0
DA:269,0
DA:270,0
DA:272,0
DA:273,0
LF:171
LH:141
BRDA:53,0,0,7
BRDA:56,1,0,0
BRDA:63,2,0,7
BRDA:70,3,0,51
BRDA:74,4,0,27
BRDA:75,5,0,25
BRDA:78,6,0,6
BRDA:85,7,0,3
BRDA:89,8,0,5
BRDA:96,9,0,4
BRDA:96,10,0,3
BRDA:96,11,0,1
BRDA:96,12,0,2
BRDA:114,13,0,13
BRDA:120,14,0,12
BRDA:121,15,0,7
BRDA:123,16,0,1
BRDA:124,17,0,5
BRDA:133,18,0,5
BRDA:160,19,0,5
BRDA:162,20,0,0
BRDA:166,21,0,0
BRDA:167,22,0,0
BRDA:174,23,0,0
BRDA:176,24,0,0
BRDA:177,25,0,0
BRDA:180,26,0,0
BRDA:183,27,0,0
BRDA:191,28,0,0
BRDA:191,29,0,0
BRDA:198,30,0,2
BRDA:200,31,0,0
BRDA:206,32,0,1
BRDA:209,33,0,0
BRDA:216,34,0,2
BRDA:220,35,0,1
BRDA:222,36,0,0
BRDA:228,37,0,2
BRDA:234,38,0,1
BRDA:234,39,0,0
BRDA:238,40,0,2
BRDA:244,41,0,1
BRDA:244,42,0,0
BRF:43
BRH:27
end_of_record
TN:
SF:src\features\auth\pages\Login.tsx
FN:19,Login
FN:32,onChange
FN:38,onSubmit
FN:114,onClose
FNF:4
FNH:4
FNDA:236,Login
FNDA:472,onChange
FNDA:7,onSubmit
FNDA:1,onClose
DA:1,1
DA:2,1
DA:3,1
DA:16,1
DA:17,1
DA:19,236
DA:20,236
DA:21,236
DA:23,236
DA:24,236
DA:25,236
DA:26,236
DA:28,236
DA:29,236
DA:31,236
DA:32,236
DA:33,472
DA:34,205
DA:36,236
DA:38,236
DA:39,7
DA:40,7
DA:42,7
DA:43,7
DA:45,7
DA:46,7
DA:47,7
DA:48,7
DA:49,7
DA:52,4
DA:53,4
DA:54,4
DA:57,4
DA:59,7
DA:60,3
DA:61,3
DA:62,7
DA:63,7
DA:64,7
DA:65,7
DA:67,236
DA:68,236
DA:69,236
DA:70,236
DA:71,236
DA:72,236
DA:73,236
DA:74,236
DA:75,236
DA:76,236
DA:77,236
DA:78,236
DA:80,236
DA:81,236
DA:82,236
DA:83,236
DA:84,236
DA:85,236
DA:86,236
DA:87,236
DA:88,236
DA:89,236
DA:90,236
DA:91,236
DA:92,236
DA:93,236
DA:94,236
DA:95,236
DA:96,236
DA:97,236
DA:98,236
DA:99,236
DA:100,236
DA:101,236
DA:103,236
DA:104,236
DA:105,236
DA:107,236
DA:108,236
DA:110,236
DA:111,236
DA:113,236
DA:114,3
DA:115,3
DA:116,3
DA:119,236
DA:121,236
DA:122,236
DA:123,236
DA:124,236
DA:125,236
DA:126,236
DA:127,236
DA:128,236
DA:130,236
DA:131,236
DA:132,236
DA:133,236
DA:134,236
DA:135,236
DA:136,236
DA:137,236
DA:139,236
DA:140,236
DA:141,236
DA:142,236
DA:143,236
DA:144,236
DA:145,236
DA:146,236
DA:147,236
DA:148,236
DA:149,236
DA:150,236
DA:151,236
DA:152,236
DA:154,236
DA:155,236
DA:157,236
DA:159,236
DA:160,236
DA:161,236
DA:162,236
DA:163,236
DA:164,236
DA:165,236
DA:166,236
DA:167,236
DA:168,236
DA:169,236
DA:170,236
DA:172,236
DA:173,236
DA:174,236
DA:175,236
DA:176,236
DA:177,236
DA:178,236
DA:180,236
LF:139
LH:139
BRDA:19,0,0,236
BRDA:36,1,0,193
BRDA:113,2,0,3
BRDA:143,3,0,100
BRDA:144,4,0,7
BRDA:144,5,0,229
BRDA:154,6,0,7
BRDA:154,7,0,229
BRDA:32,8,0,472
BRDA:33,9,0,205
BRDA:34,10,0,205
BRDA:38,11,0,7
BRDA:40,12,0,0
BRDA:49,13,0,4
BRDA:59,14,0,3
BRDA:60,15,0,1
BRDA:60,16,0,2
BRDA:61,17,0,1
BRDA:114,18,0,1
BRF:19
BRH:18
end_of_record
TN:
SF:src\features\auth\pages\Profile.tsx
FN:25,Profile
FN:68,onSaveProfile
FN:84,validateCreds
FN:92,onSaveCredentials
FN:163,onClose
FN:170,onChange
FN:188,onChange
FN:195,onChange
FN:206,onChange
FN:213,onChange
FN:246,onChange
FN:255,onChange
FN:263,onChange
FNF:13
FNH:12
FNDA:74,Profile
FNDA:2,onSaveProfile
FNDA:6,validateCreds
FNDA:6,onSaveCredentials
FNDA:0,onClose
FNDA:3,onChange
FNDA:2,onChange
FNDA:2,onChange
FNDA:8,onChange
FNDA:1,onChange
FNDA:5,onChange
FNDA:15,onChange
FNDA:15,onChange
DA:1,1
DA:2,1
DA:17,1
DA:25,74
DA:26,74
DA:28,74
DA:29,74
DA:30,74
DA:32,74
DA:33,74
DA:34,74
DA:35,74
DA:36,74
DA:37,74
DA:39,74
DA:40,74
DA:41,74
DA:42,74
DA:43,74
DA:45,74
DA:46,7
DA:47,7
DA:48,7
DA:49,7
DA:50,6
DA:51,6
DA:52,6
DA:53,6
DA:54,6
DA:55,6
DA:56,6
DA:57,6
DA:58,6
DA:59,7
DA:61,1
DA:62,7
DA:63,7
DA:64,7
DA:65,7
DA:66,74
DA:68,74
DA:69,2
DA:70,2
DA:71,2
DA:72,2
DA:73,2
DA:74,2
DA:75,2
DA:76,2
DA:77,1
DA:78,1
DA:79,2
DA:80,2
DA:81,2
DA:82,2
DA:84,74
DA:85,6
DA:86,6
DA:87,6
DA:88,6
DA:89,2
DA:90,6
DA:92,74
DA:93,6
DA:94,6
DA:96,6
DA:97,6
DA:98,4
DA:99,4
DA:100,4
DA:102,2
DA:103,2
DA:105,2
DA:106,2
DA:107,2
DA:108,2
DA:110,2
DA:111,2
DA:112,6
DA:113,6
DA:114,6
DA:115,1
DA:116,1
DA:117,6
DA:118,2
DA:119,2
DA:120,6
DA:122,74
DA:123,74
DA:124,74
DA:125,74
DA:126,74
DA:127,74
DA:128,74
DA:129,74
DA:130,74
DA:131,74
DA:133,74
DA:134,74
DA:135,74
DA:136,74
DA:137,74
DA:138,74
DA:139,74
DA:140,74
DA:141,74
DA:142,74
DA:143,74
DA:144,74
DA:145,74
DA:146,74
DA:147,74
DA:148,74
DA:149,74
DA:150,74
DA:151,74
DA:152,74
DA:154,74
DA:155,74
DA:156,74
DA:157,74
DA:159,74
DA:160,74
DA:162,74
DA:163,16
DA:164,16
DA:165,16
DA:168,74
DA:169,74
DA:170,74
DA:171,74
DA:172,74
DA:173,74
DA:175,74
DA:176,74
DA:177,74
DA:179,74
DA:181,74
DA:182,27
DA:183,27
DA:184,27
DA:185,27
DA:186,27
DA:187,27
DA:188,27
DA:189,27
DA:190,27
DA:191,27
DA:192,27
DA:193,27
DA:194,27
DA:195,27
DA:196,27
DA:197,27
DA:198,27
DA:199,27
DA:201,27
DA:202,27
DA:203,27
DA:204,27
DA:205,27
DA:206,27
DA:207,27
DA:208,27
DA:209,27
DA:210,27
DA:211,27
DA:212,27
DA:213,27
DA:214,27
DA:215,27
DA:216,27
DA:218,27
DA:219,27
DA:220,27
DA:221,27
DA:222,27
DA:223,27
DA:224,27
DA:225,27
DA:226,27
DA:227,27
DA:228,27
DA:229,27
DA:230,27
DA:231,27
DA:233,27
DA:234,27
DA:235,27
DA:236,27
DA:237,27
DA:239,47
DA:240,47
DA:241,47
DA:242,47
DA:243,47
DA:244,47
DA:245,47
DA:246,47
DA:247,47
DA:248,47
DA:250,47
DA:251,47
DA:252,47
DA:253,47
DA:254,47
DA:255,47
DA:256,47
DA:257,47
DA:258,47
DA:259,47
DA:260,47
DA:261,47
DA:262,47
DA:263,47
DA:264,47
DA:265,47
DA:266,47
DA:267,47
DA:269,47
DA:270,47
DA:271,47
DA:272,47
DA:273,47
DA:274,47
DA:275,47
DA:276,47
DA:277,47
DA:278,47
DA:279,47
DA:280,47
DA:281,47
DA:282,47
DA:284,47
DA:285,47
DA:286,47
DA:287,47
DA:288,47
DA:290,74
DA:291,74
DA:292,74
DA:294,74
LF:242
LH:242
BRDA:25,0,0,74
BRDA:162,1,0,16
BRDA:181,2,0,27
BRDA:223,3,0,2
BRDA:223,4,0,25
BRDA:233,5,0,2
BRDA:233,6,0,25
BRDA:237,7,0,47
BRDA:274,8,0,2
BRDA:274,9,0,45
BRDA:284,10,0,2
BRDA:284,11,0,45
BRDA:45,12,0,7
BRDA:47,13,0,7
BRDA:49,14,0,6
BRDA:59,15,0,1
BRDA:51,16,0,6
BRDA:53,17,0,0
BRDA:54,18,0,0
BRDA:55,19,0,0
BRDA:56,20,0,0
BRDA:63,21,0,7
BRDA:68,22,0,2
BRDA:70,23,0,0
BRDA:74,24,0,1
BRDA:75,25,0,0
BRDA:76,26,0,1
BRDA:77,27,0,0
BRDA:78,28,0,0
BRDA:84,29,0,6
BRDA:85,30,0,1
BRDA:85,31,0,5
BRDA:86,32,0,1
BRDA:86,33,0,4
BRDA:87,34,0,1
BRDA:87,35,0,3
BRDA:88,36,0,1
BRDA:88,37,0,2
BRDA:92,38,0,6
BRDA:94,39,0,0
BRDA:97,40,0,4
BRDA:100,41,0,2
BRDA:111,42,0,1
BRDA:112,43,0,0
BRDA:114,44,0,1
BRDA:115,45,0,0
BRDA:116,46,0,0
BRDA:117,47,0,2
BRDA:170,48,0,3
BRDA:188,49,0,2
BRDA:188,50,0,2
BRDA:195,51,0,2
BRDA:195,52,0,2
BRDA:206,53,0,8
BRDA:206,54,0,8
BRDA:213,55,0,1
BRDA:213,56,0,1
BRDA:246,57,0,5
BRDA:246,58,0,5
BRDA:255,59,0,15
BRDA:255,60,0,15
BRDA:263,61,0,15
BRDA:263,62,0,15
BRF:63
BRH:51
end_of_record
TN:
SF:src\features\auth\pages\Register.tsx
FN:20,Register
FN:38,onChange
FN:50,onSubmit
FN:131,onClose
FN:136,onClose
FNF:5
FNH:4
FNDA:50,Register
FNDA:350,onChange
FNDA:5,onSubmit
FNDA:0,onClose
FNDA:1,onClose
DA:1,1
DA:2,1
DA:3,1
DA:17,1
DA:18,1
DA:20,50
DA:21,50
DA:23,50
DA:24,50
DA:25,50
DA:26,50
DA:27,50
DA:28,50
DA:29,50
DA:30,50
DA:31,50
DA:33,50
DA:34,50
DA:35,50
DA:37,50
DA:38,50
DA:39,350
DA:40,32
DA:42,50
DA:43,50
DA:44,21
DA:45,15
DA:46,15
DA:47,15
DA:48,15
DA:50,50
DA:51,5
DA:52,5
DA:53,5
DA:54,5
DA:55,5
DA:56,5
DA:57,5
DA:58,5
DA:59,5
DA:60,5
DA:61,5
DA:62,5
DA:63,5
DA:64,5
DA:65,5
DA:66,5
DA:67,5
DA:68,4
DA:69,4
DA:70,4
DA:71,4
DA:72,4
DA:73,4
DA:74,4
DA:75,5
DA:76,5
DA:77,1
DA:78,1
DA:79,5
DA:80,5
DA:81,5
DA:82,5
DA:84,50
DA:85,50
DA:86,50
DA:87,50
DA:88,50
DA:89,50
DA:90,50
DA:91,50
DA:92,50
DA:93,50
DA:94,50
DA:95,50
DA:97,50
DA:98,50
DA:99,50
DA:100,50
DA:101,50
DA:102,50
DA:103,50
DA:104,50
DA:105,50
DA:106,50
DA:107,50
DA:108,50
DA:109,50
DA:110,50
DA:111,50
DA:112,50
DA:113,50
DA:114,50
DA:115,50
DA:116,50
DA:117,50
DA:118,50
DA:120,50
DA:121,50
DA:122,50
DA:124,50
DA:125,50
DA:127,50
DA:128,50
DA:130,50
DA:131,4
DA:132,4
DA:133,4
DA:135,50
DA:136,1
DA:137,1
DA:138,1
DA:141,50
DA:143,50
DA:144,50
DA:145,50
DA:146,50
DA:147,50
DA:148,50
DA:149,50
DA:150,50
DA:151,50
DA:152,50
DA:153,50
DA:154,50
DA:155,50
DA:156,50
DA:157,50
DA:158,50
DA:160,50
DA:161,50
DA:162,50
DA:163,50
DA:164,50
DA:165,50
DA:166,50
DA:167,50
DA:168,50
DA:169,50
DA:170,50
DA:171,50
DA:172,50
DA:173,50
DA:174,50
DA:175,50
DA:176,50
DA:177,50
DA:178,50
DA:179,50
DA:180,50
DA:181,50
DA:182,50
DA:183,50
DA:184,50
DA:185,50
DA:186,50
DA:187,50
DA:188,50
DA:189,50
DA:191,50
DA:192,50
DA:193,50
DA:194,50
DA:195,50
DA:196,50
DA:197,50
DA:198,50
DA:200,50
DA:201,50
DA:202,50
DA:204,50
DA:205,50
DA:206,50
DA:207,50
DA:208,50
DA:209,50
DA:210,50
DA:211,50
DA:212,50
DA:213,50
DA:214,50
DA:215,50
DA:216,50
DA:217,50
DA:219,50
DA:220,50
DA:222,50
DA:224,50
DA:225,50
DA:226,50
DA:227,50
DA:228,50
DA:229,50
DA:230,50
DA:231,50
DA:232,50
DA:233,50
DA:234,50
DA:235,50
DA:237,50
DA:238,50
DA:239,50
DA:241,50
DA:243,50
DA:244,50
DA:245,50
DA:246,50
DA:247,50
DA:249,50
LF:209
LH:209
BRDA:20,0,0,50
BRDA:43,1,0,21
BRDA:44,2,0,15
BRDA:45,3,0,15
BRDA:46,4,0,15
BRDA:47,5,0,15
BRDA:130,6,0,4
BRDA:135,7,0,1
BRDA:208,8,0,15
BRDA:209,9,0,5
BRDA:209,10,0,45
BRDA:219,11,0,5
BRDA:219,12,0,45
BRDA:38,13,0,350
BRDA:39,14,0,32
BRDA:40,15,0,32
BRDA:50,16,0,5
BRDA:52,17,0,0
BRDA:63,18,0,3
BRDA:65,19,0,4
BRDA:66,20,0,0
BRDA:76,21,0,1
BRDA:77,22,0,0
BRDA:78,23,0,0
BRDA:67,24,0,4
BRDA:136,25,0,1
BRF:26
BRH:22
end_of_record
TN:
SF:src\features\booking\api\bookingApi.ts
FN:50,createReservationRequest
FN:75,getReservationRequestsByGuest
FN:102,getReservationRequestsByAccommodation
FN:129,updateReservationRequestStatus
FN:155,getAvailability
FN:183,createAvailability
FN:208,updateAvailability
FN:235,deleteAvailability
FN:254,deleteReservationRequest
FN:279,updateReservationRequest
FN:303,cancelReservation
FN:321,canGuestRateAccommodation
FN:339,canGuestRateHost
FNF:13
FNH:10
FNDA:2,createReservationRequest
FNDA:2,getReservationRequestsByGuest
FNDA:2,getReservationRequestsByAccommodation
FNDA:1,updateReservationRequestStatus
FNDA:4,getAvailability
FNDA:2,createAvailability
FNDA:1,updateAvailability
FNDA:1,deleteAvailability
FNDA:2,deleteReservationRequest
FNDA:0,updateReservationRequest
FNDA:2,cancelReservation
FNDA:0,canGuestRateAccommodation
FNDA:0,canGuestRateHost
DA:1,1
DA:23,1
DA:50,2
DA:51,2
DA:52,2
DA:53,2
DA:54,2
DA:56,2
DA:57,2
DA:58,2
DA:59,2
DA:60,2
DA:61,2
DA:62,2
DA:63,2
DA:65,2
DA:66,1
DA:67,1
DA:68,1
DA:69,1
DA:70,1
DA:75,2
DA:76,2
DA:77,2
DA:78,2
DA:79,2
DA:81,2
DA:82,2
DA:83,2
DA:84,2
DA:85,2
DA:86,2
DA:87,2
DA:88,2
DA:89,2
DA:90,2
DA:92,2
DA:93,1
DA:94,1
DA:95,1
DA:96,1
DA:97,1
DA:102,2
DA:103,2
DA:104,2
DA:105,2
DA:106,2
DA:108,2
DA:109,2
DA:110,2
DA:111,2
DA:112,2
DA:113,2
DA:114,2
DA:115,2
DA:116,2
DA:117,2
DA:119,2
DA:120,1
DA:121,1
DA:122,1
DA:123,1
DA:124,1
DA:129,1
DA:130,1
DA:131,1
DA:132,1
DA:133,1
DA:134,1
DA:136,1
DA:137,1
DA:138,1
DA:139,1
DA:140,1
DA:141,1
DA:142,1
DA:143,1
DA:144,1
DA:145,1
DA:147,1
DA:148,0
DA:149,0
DA:150,0
DA:151,1
DA:152,1
DA:155,4
DA:156,4
DA:157,4
DA:158,4
DA:159,4
DA:161,4
DA:162,4
DA:163,4
DA:164,4
DA:165,4
DA:166,4
DA:167,4
DA:168,4
DA:169,4
DA:170,4
DA:172,4
DA:173,1
DA:174,1
DA:175,1
DA:177,3
DA:178,3
DA:183,2
DA:184,2
DA:185,2
DA:186,2
DA:187,2
DA:189,2
DA:190,2
DA:191,2
DA:192,2
DA:193,2
DA:194,2
DA:195,2
DA:196,2
DA:198,2
DA:199,0
DA:200,0
DA:201,0
DA:203,2
DA:204,2
DA:208,1
DA:209,1
DA:210,1
DA:211,1
DA:212,1
DA:213,1
DA:215,1
DA:216,1
DA:217,1
DA:218,1
DA:219,1
DA:220,1
DA:221,1
DA:222,1
DA:224,1
DA:225,0
DA:226,0
DA:227,0
DA:228,1
DA:229,1
DA:235,1
DA:236,1
DA:237,1
DA:239,1
DA:240,1
DA:241,1
DA:242,1
DA:243,1
DA:244,1
DA:245,1
DA:247,1
DA:248,0
DA:249,0
DA:250,0
DA:251,1
DA:254,2
DA:255,2
DA:256,2
DA:258,2
DA:259,2
DA:260,2
DA:261,2
DA:262,2
DA:263,2
DA:264,2
DA:266,2
DA:267,1
DA:268,1
DA:269,1
DA:270,2
DA:279,0
DA:280,0
DA:281,0
DA:282,0
DA:283,0
DA:284,0
DA:286,0
DA:287,0
DA:288,0
DA:289,0
DA:290,0
DA:291,0
DA:292,0
DA:293,0
DA:295,0
DA:296,0
DA:297,0
DA:298,0
DA:299,0
DA:300,0
DA:303,2
DA:304,2
DA:305,2
DA:307,2
DA:308,2
DA:309,2
DA:310,2
DA:311,2
DA:312,2
DA:313,2
DA:315,2
DA:316,1
DA:317,1
DA:318,1
DA:319,2
DA:321,0
DA:322,0
DA:324,0
DA:325,0
DA:326,0
DA:327,0
DA:328,0
DA:329,0
DA:331,0
DA:332,0
DA:333,0
DA:334,0
DA:336,0
DA:337,0
DA:339,0
DA:340,0
DA:342,0
DA:343,0
DA:344,0
DA:345,0
DA:346,0
DA:347,0
DA:348,0
DA:349,0
DA:350,0
DA:351,0
DA:352,0
DA:353,0
DA:355,0
DA:356,0
LF:240
LH:178
BRDA:50,0,0,2
BRDA:60,1,0,0
BRDA:65,2,0,1
BRDA:67,3,0,0
BRDA:75,4,0,2
BRDA:87,5,0,0
BRDA:92,6,0,1
BRDA:94,7,0,0
BRDA:102,8,0,2
BRDA:114,9,0,0
BRDA:119,10,0,1
BRDA:121,11,0,0
BRDA:129,12,0,1
BRDA:142,13,0,0
BRDA:147,14,0,0
BRDA:155,15,0,4
BRDA:167,16,0,1
BRDA:167,17,0,3
BRDA:172,18,0,1
BRDA:174,19,0,0
BRDA:175,20,0,3
BRDA:183,21,0,2
BRDA:193,22,0,1
BRDA:193,23,0,1
BRDA:198,24,0,0
BRDA:208,25,0,1
BRDA:219,26,0,0
BRDA:224,27,0,0
BRDA:235,28,0,1
BRDA:243,29,0,0
BRDA:247,30,0,0
BRDA:254,31,0,2
BRDA:262,32,0,0
BRDA:266,33,0,1
BRDA:268,34,0,0
BRDA:303,35,0,2
BRDA:311,36,0,0
BRDA:315,37,0,1
BRDA:317,38,0,0
BRF:39
BRH:21
end_of_record
TN:
SF:src\features\booking\pages\AvailabilityCalendarPage.tsx
FN:42,AvailabilityCalendarPage
FN:56,formatDate
FN:63,rangesOverlap
FN:66,normalizeToLocalDay
FN:69,extractPrice
FN:110,handleSelectSlot
FN:133,handleSave
FN:170,handleSelectEvent
FN:182,handleUpdate
FN:240,sortEvents
FN:243,getNeighborBounds
FN:254,handleDelete
FN:277,onClose
FN:289,onChange
FN:297,onChange
FN:349,onChange
FN:401,onChange
FN:419,onClick
FN:422,onClick
FN:435,onClose
FN:445,onClick
FN:468,onNavigate
FN:478,dayPropGetter
FN:493,eventPropGetter
FN:519,onClose
FN:531,onChange
FN:540,onChange
FN:558,onClick
FNF:28
FNH:16
FNDA:26,AvailabilityCalendarPage
FNDA:33,formatDate
FNDA:3,rangesOverlap
FNDA:7,normalizeToLocalDay
FNDA:4,extractPrice
FNDA:3,handleSelectSlot
FNDA:1,handleSave
FNDA:5,handleSelectEvent
FNDA:3,handleUpdate
FNDA:3,sortEvents
FNDA:14,getNeighborBounds
FNDA:1,handleDelete
FNDA:0,onClose
FNDA:1,onChange
FNDA:0,onChange
FNDA:1,onChange
FNDA:0,onChange
FNDA:0,onClick
FNDA:1,onClick
FNDA:0,onClose
FNDA:0,onClick
FNDA:0,onNavigate
FNDA:0,dayPropGetter
FNDA:0,eventPropGetter
FNDA:0,onClose
FNDA:1,onChange
FNDA:0,onChange
FNDA:0,onClick
DA:1,1
DA:2,1
DA:7,1
DA:8,1
DA:9,1
DA:20,1
DA:21,1
DA:25,1
DA:26,1
DA:40,1
DA:42,26
DA:43,26
DA:44,26
DA:45,26
DA:46,26
DA:47,26
DA:48,26
DA:49,26
DA:50,26
DA:52,26
DA:54,26
DA:56,26
DA:57,33
DA:58,33
DA:59,33
DA:60,33
DA:61,33
DA:63,26
DA:64,3
DA:66,26
DA:67,7
DA:69,26
DA:70,4
DA:71,4
DA:72,4
DA:74,26
DA:75,7
DA:76,7
DA:77,7
DA:78,8
DA:79,8
DA:80,1
DA:81,8
DA:82,0
DA:83,7
DA:84,7
DA:85,7
DA:87,8
DA:88,8
DA:89,8
DA:90,8
DA:91,8
DA:92,8
DA:93,8
DA:94,8
DA:95,8
DA:96,8
DA:97,8
DA:98,8
DA:99,8
DA:100,8
DA:101,7
DA:105,7
DA:106,7
DA:107,7
DA:108,26
DA:110,26
DA:111,3
DA:112,3
DA:114,3
DA:115,2
DA:117,2
DA:118,2
DA:120,2
DA:122,2
DA:123,2
DA:124,2
DA:125,2
DA:127,1
DA:128,1
DA:129,1
DA:130,1
DA:131,3
DA:133,26
DA:134,1
DA:135,1
DA:136,1
DA:137,1
DA:138,1
DA:139,1
DA:140,1
DA:141,1
DA:142,1
DA:144,1
DA:146,1
DA:147,1
DA:148,1
DA:149,1
DA:150,1
DA:151,0
DA:152,1
DA:153,1
DA:154,1
DA:155,1
DA:156,1
DA:157,1
DA:158,1
DA:159,1
DA:160,1
DA:161,1
DA:162,1
DA:163,1
DA:164,1
DA:165,1
DA:166,0
DA:167,0
DA:168,1
DA:170,26
DA:171,5
DA:172,5
DA:174,5
DA:175,5
DA:177,4
DA:178,4
DA:179,4
DA:180,5
DA:182,26
DA:183,3
DA:184,3
DA:185,3
DA:187,2
DA:188,2
DA:189,3
DA:190,1
DA:191,2
DA:193,2
DA:194,1
DA:195,1
DA:196,0
DA:197,0
DA:198,1
DA:199,1
DA:201,1
DA:202,1
DA:203,1
DA:204,1
DA:205,1
DA:206,1
DA:207,1
DA:209,1
DA:211,1
DA:212,1
DA:213,1
DA:214,1
DA:215,1
DA:216,0
DA:217,3
DA:218,3
DA:219,3
DA:220,3
DA:221,3
DA:222,3
DA:223,3
DA:224,3
DA:225,3
DA:226,3
DA:227,3
DA:228,3
DA:229,3
DA:230,3
DA:233,3
DA:234,3
DA:235,3
DA:236,3
DA:237,0
DA:238,0
DA:239,3
DA:240,26
DA:241,3
DA:243,26
DA:244,14
DA:245,14
DA:246,14
DA:247,14
DA:248,14
DA:249,14
DA:250,14
DA:251,14
DA:252,14
DA:254,26
DA:255,1
DA:256,1
DA:257,1
DA:259,1
DA:260,1
DA:261,1
DA:262,1
DA:263,1
DA:264,0
DA:265,1
DA:266,1
DA:267,1
DA:268,1
DA:271,26
DA:272,26
DA:273,26
DA:274,26
DA:275,26
DA:277,26
DA:278,26
DA:279,26
DA:280,26
DA:281,26
DA:282,7
DA:283,26
DA:285,26
DA:286,26
DA:287,26
DA:288,26
DA:289,26
DA:290,26
DA:291,26
DA:292,26
DA:293,26
DA:294,26
DA:295,26
DA:296,26
DA:297,26
DA:298,0
DA:299,0
DA:301,0
DA:302,0
DA:303,0
DA:304,0
DA:305,0
DA:306,0
DA:307,0
DA:308,0
DA:310,0
DA:311,0
DA:312,0
DA:313,0
DA:314,0
DA:315,0
DA:316,0
DA:317,0
DA:318,0
DA:319,0
DA:320,26
DA:321,26
DA:322,7
DA:323,7
DA:324,7
DA:325,7
DA:326,0
DA:327,0
DA:328,0
DA:329,0
DA:330,0
DA:331,0
DA:332,0
DA:333,7
DA:334,7
DA:335,7
DA:336,7
DA:337,19
DA:338,26
DA:339,26
DA:340,26
DA:341,26
DA:345,26
DA:346,26
DA:347,26
DA:348,26
DA:349,26
DA:350,1
DA:351,1
DA:353,1
DA:354,1
DA:355,1
DA:356,0
DA:357,0
DA:358,0
DA:359,1
DA:360,1
DA:362,1
DA:363,1
DA:364,1
DA:365,1
DA:366,1
DA:367,1
DA:368,1
DA:369,1
DA:370,1
DA:371,1
DA:372,26
DA:373,26
DA:374,7
DA:375,7
DA:376,7
DA:377,7
DA:378,7
DA:379,1
DA:380,1
DA:381,1
DA:382,1
DA:383,1
DA:384,1
DA:385,1
DA:386,6
DA:387,7
DA:388,7
DA:389,19
DA:390,26
DA:391,26
DA:392,26
DA:393,26
DA:396,26
DA:397,26
DA:398,26
DA:399,26
DA:400,26
DA:401,26
DA:402,0
DA:403,0
DA:408,0
DA:411,26
DA:412,26
DA:413,26
DA:414,26
DA:415,26
DA:416,26
DA:417,26
DA:418,26
DA:419,26
DA:420,26
DA:421,26
DA:422,26
DA:423,26
DA:425,26
DA:426,26
DA:428,26
DA:429,26
DA:430,26
DA:433,26
DA:434,26
DA:435,26
DA:437,26
DA:438,26
DA:439,26
DA:440,26
DA:441,26
DA:442,26
DA:443,26
DA:444,26
DA:445,26
DA:447,26
DA:448,26
DA:449,26
DA:450,26
DA:451,26
DA:452,26
DA:454,26
DA:457,26
DA:458,26
DA:460,26
DA:462,26
DA:463,26
DA:464,26
DA:465,26
DA:466,26
DA:467,26
DA:468,26
DA:469,26
DA:470,26
DA:471,26
DA:472,26
DA:473,26
DA:474,26
DA:475,26
DA:476,26
DA:477,26
DA:478,26
DA:479,0
DA:480,0
DA:482,0
DA:483,0
DA:484,0
DA:485,0
DA:486,0
DA:487,0
DA:488,0
DA:489,0
DA:490,0
DA:491,0
DA:492,0
DA:493,26
DA:494,0
DA:495,0
DA:496,0
DA:498,0
DA:499,0
DA:500,0
DA:501,0
DA:502,0
DA:504,0
DA:505,0
DA:506,0
DA:507,0
DA:508,0
DA:509,0
DA:510,0
DA:511,0
DA:512,0
DA:513,0
DA:514,0
DA:515,26
DA:516,26
DA:519,26
DA:520,26
DA:521,26
DA:522,26
DA:523,26
DA:524,3
DA:525,26
DA:527,26
DA:528,26
DA:529,26
DA:530,26
DA:531,26
DA:532,26
DA:533,26
DA:534,26
DA:535,26
DA:536,26
DA:537,26
DA:538,26
DA:539,26
DA:540,26
DA:541,0
DA:542,0
DA:547,0
DA:550,26
DA:551,26
DA:552,26
DA:553,26
DA:554,26
DA:555,26
DA:556,26
DA:557,26
DA:558,26
DA:559,26
DA:561,26
DA:562,26
DA:563,26
DA:564,26
DA:565,26
DA:566,26
DA:568,26
LF:459
LH:381
BRDA:42,0,0,26
BRDA:281,1,0,7
BRDA:296,2,0,7
BRDA:296,3,0,19
BRDA:321,4,0,7
BRDA:336,5,0,19
BRDA:348,6,0,7
BRDA:348,7,0,19
BRDA:373,8,0,7
BRDA:388,9,0,19
BRDA:441,10,0,7
BRDA:523,11,0,3
BRDA:56,12,0,33
BRDA:63,13,0,3
BRDA:64,14,0,2
BRDA:66,15,0,7
BRDA:69,16,0,4
BRDA:71,17,0,0
BRDA:74,18,0,7
BRDA:75,19,0,0
BRDA:76,20,0,7
BRDA:77,21,0,8
BRDA:79,22,0,1
BRDA:81,23,0,7
BRDA:81,24,0,0
BRDA:105,25,0,1
BRDA:110,26,0,3
BRDA:112,27,0,1
BRDA:112,28,0,2
BRDA:114,29,0,2
BRDA:125,30,0,1
BRDA:122,31,0,2
BRDA:133,32,0,1
BRDA:134,33,0,0
BRDA:150,34,0,0
BRDA:165,35,0,0
BRDA:163,36,0,1
BRDA:170,37,0,5
BRDA:174,38,0,0
BRDA:175,39,0,1
BRDA:175,40,0,4
BRDA:182,41,0,3
BRDA:183,42,0,0
BRDA:185,43,0,1
BRDA:185,44,0,2
BRDA:193,45,0,1
BRDA:199,46,0,0
BRDA:199,47,0,1
BRDA:215,48,0,0
BRDA:236,49,0,0
BRDA:188,50,0,3
BRDA:189,51,0,1
BRDA:194,52,0,1
BRDA:195,53,0,0
BRDA:229,54,0,1
BRDA:229,55,0,0
BRDA:240,56,0,3
BRDA:241,57,0,1
BRDA:243,58,0,14
BRDA:244,59,0,16
BRDA:246,60,0,2
BRDA:249,61,0,2
BRDA:254,62,0,1
BRDA:255,63,0,0
BRDA:263,64,0,0
BRDA:259,65,0,1
BRDA:260,66,0,1
BRDA:289,67,0,1
BRDA:322,68,0,7
BRDA:325,69,0,0
BRDA:349,70,0,1
BRDA:350,71,0,0
BRDA:360,72,0,0
BRDA:354,73,0,1
BRDA:355,74,0,0
BRDA:356,75,0,0
BRDA:357,76,0,0
BRDA:374,77,0,7
BRDA:378,78,0,1
BRDA:385,79,0,6
BRDA:422,80,0,1
BRDA:531,81,0,1
BRF:82
BRH:61
end_of_record
TN:
SF:src\features\booking\pages\HostAccommodationRequestsPage.tsx
FN:30,HostAccommodationRequestsPage
FN:49,refreshRequests
FN:59,getStatusChip
FN:73,handleChange
FN:83,handleChangePage
FN:87,handleChangeRowsPerPage
FN:113,onChange
FN:176,onClick
FN:192,onClick
FNF:9
FNH:7
FNDA:4,HostAccommodationRequestsPage
FNDA:2,refreshRequests
FNDA:9,getStatusChip
FNDA:1,handleChange
FNDA:0,handleChangePage
FNDA:0,handleChangeRowsPerPage
FNDA:1,onChange
FNDA:1,onClick
FNDA:1,onClick
DA:1,1
DA:3,1
DA:18,1
DA:19,1
DA:24,1
DA:25,1
DA:30,4
DA:31,4
DA:32,4
DA:33,4
DA:35,4
DA:36,4
DA:38,4
DA:39,1
DA:40,1
DA:41,1
DA:42,1
DA:44,1
DA:45,1
DA:46,1
DA:47,4
DA:49,4
DA:50,2
DA:51,2
DA:52,2
DA:53,2
DA:54,2
DA:55,0
DA:56,0
DA:57,2
DA:59,4
DA:60,9
DA:61,9
DA:62,3
DA:63,9
DA:64,3
DA:65,9
DA:66,0
DA:67,9
DA:68,9
DA:69,3
DA:70,9
DA:71,9
DA:73,4
DA:74,1
DA:75,1
DA:76,1
DA:77,1
DA:78,0
DA:79,0
DA:80,1
DA:83,4
DA:84,0
DA:85,0
DA:87,4
DA:88,0
DA:89,0
DA:90,0
DA:91,0
DA:92,0
DA:94,4
DA:95,4
DA:96,4
DA:97,4
DA:98,4
DA:99,4
DA:100,4
DA:101,4
DA:102,4
DA:103,4
DA:104,4
DA:106,4
DA:108,4
DA:109,4
DA:110,4
DA:111,4
DA:112,4
DA:113,4
DA:114,4
DA:115,4
DA:117,4
DA:118,4
DA:119,4
DA:121,4
DA:122,4
DA:123,4
DA:124,4
DA:125,4
DA:126,4
DA:127,4
DA:128,4
DA:129,4
DA:130,4
DA:131,4
DA:132,4
DA:133,4
DA:134,4
DA:135,4
DA:136,4
DA:137,4
DA:138,4
DA:139,4
DA:140,4
DA:141,4
DA:142,4
DA:143,4
DA:144,4
DA:145,4
DA:146,4
DA:147,4
DA:148,4
DA:149,4
DA:150,4
DA:151,4
DA:152,4
DA:153,4
DA:154,4
DA:155,9
DA:156,9
DA:157,9
DA:158,9
DA:159,9
DA:160,9
DA:161,9
DA:162,9
DA:163,9
DA:164,9
DA:165,9
DA:166,9
DA:167,9
DA:168,9
DA:169,9
DA:170,9
DA:171,9
DA:172,3
DA:173,3
DA:174,3
DA:175,3
DA:176,3
DA:177,1
DA:178,1
DA:179,1
DA:180,1
DA:181,1
DA:182,1
DA:183,1
DA:184,0
DA:185,0
DA:186,1
DA:187,3
DA:188,3
DA:189,3
DA:190,3
DA:191,3
DA:192,3
DA:193,1
DA:194,1
DA:195,1
DA:196,1
DA:197,1
DA:198,1
DA:199,1
DA:200,0
DA:201,0
DA:202,1
DA:203,3
DA:204,3
DA:205,3
DA:207,9
DA:208,9
DA:209,4
DA:210,4
DA:211,1
DA:212,1
DA:214,1
DA:215,1
DA:217,4
DA:218,4
DA:219,4
DA:222,4
DA:223,4
DA:224,4
DA:225,4
DA:226,4
DA:227,4
DA:228,4
DA:229,4
DA:230,4
DA:231,4
DA:232,4
DA:233,4
DA:235,4
LF:192
LH:176
BRDA:30,0,0,4
BRDA:210,1,0,1
BRDA:38,2,0,1
BRDA:39,3,0,0
BRDA:41,4,0,1
BRDA:45,5,0,1
BRDA:49,6,0,2
BRDA:50,7,0,0
BRDA:54,8,0,0
BRDA:59,9,0,9
BRDA:61,10,0,3
BRDA:63,11,0,3
BRDA:65,12,0,0
BRDA:67,13,0,3
BRDA:68,14,0,3
BRDA:73,15,0,1
BRDA:76,16,0,0
BRDA:77,17,0,0
BRDA:113,18,0,1
BRDA:154,19,0,9
BRDA:162,20,0,0
BRDA:171,21,0,3
BRDA:176,22,0,1
BRDA:183,23,0,0
BRDA:192,24,0,1
BRDA:199,25,0,0
BRF:26
BRH:17
end_of_record
TN:
SF:src\features\booking\pages\ReservationsCalendarPage.tsx
FN:49,ReservationsCalendarPage
FN:61,formatDate
FN:68,normalizeToLocalDay
FN:71,toInclusiveStart
FN:83,refreshCalendar
FN:141,handleSelectSlot
FN:178,handleSaveReservation
FN:218,handleSelectEvent
FN:230,handleUpdateReservation
FN:286,handleDeleteReservation
FN:298,canCancelReservation
FN:322,onNavigate
FN:332,dayPropGetter
FN:352,dateHeader
FN:376,eventPropGetter
FN:425,onClose
FN:436,onChange
FN:453,onClick
FN:460,onClose
FN:471,onChange
FN:491,onChange
FN:512,onChange
FN:532,onClick
FN:535,onClick
FN:544,onClose
FN:552,onClick
FN:556,onClick
FN:566,onClose
FN:581,onClick
FN:586,onClick
FNF:30
FNH:16
FNDA:25,ReservationsCalendarPage
FNDA:16,formatDate
FNDA:118,normalizeToLocalDay
FNDA:9,toInclusiveStart
FNDA:9,refreshCalendar
FNDA:2,handleSelectSlot
FNDA:1,handleSaveReservation
FNDA:5,handleSelectEvent
FNDA:2,handleUpdateReservation
FNDA:1,handleDeleteReservation
FNDA:5,canCancelReservation
FNDA:0,onNavigate
FNDA:0,dayPropGetter
FNDA:0,dateHeader
FNDA:0,eventPropGetter
FNDA:0,onClose
FNDA:0,onChange
FNDA:0,onClick
FNDA:0,onClose
FNDA:0,onChange
FNDA:1,onChange
FNDA:1,onChange
FNDA:0,onClick
FNDA:1,onClick
FNDA:0,onClose
FNDA:0,onClick
FNDA:1,onClick
FNDA:0,onClose
FNDA:0,onClick
FNDA:1,onClick
DA:1,1
DA:3,1
DA:8,1
DA:9,1
DA:10,1
DA:21,1
DA:22,1
DA:29,1
DA:31,1
DA:47,1
DA:49,25
DA:50,25
DA:51,25
DA:52,25
DA:53,25
DA:54,25
DA:55,25
DA:56,25
DA:57,25
DA:59,25
DA:61,25
DA:62,16
DA:63,16
DA:64,16
DA:65,16
DA:66,16
DA:68,25
DA:69,118
DA:71,25
DA:72,9
DA:73,9
DA:74,9
DA:75,25
DA:78,25
DA:79,6
DA:80,6
DA:81,25
DA:83,25
DA:84,9
DA:85,9
DA:86,9
DA:87,9
DA:88,9
DA:90,9
DA:92,9
DA:93,9
DA:94,9
DA:95,0
DA:96,9
DA:97,9
DA:98,9
DA:99,9
DA:100,9
DA:101,9
DA:102,9
DA:103,9
DA:104,9
DA:105,9
DA:106,9
DA:107,9
DA:108,9
DA:110,9
DA:111,9
DA:112,9
DA:113,9
DA:114,9
DA:115,9
DA:116,9
DA:117,0
DA:118,0
DA:119,9
DA:120,9
DA:121,9
DA:122,9
DA:123,9
DA:124,9
DA:125,9
DA:126,9
DA:127,9
DA:128,9
DA:129,9
DA:130,9
DA:131,9
DA:132,9
DA:133,9
DA:134,9
DA:136,9
DA:137,9
DA:141,25
DA:142,2
DA:144,2
DA:145,2
DA:146,2
DA:148,2
DA:149,2
DA:150,3
DA:151,3
DA:153,2
DA:154,3
DA:155,4
DA:156,3
DA:157,3
DA:158,3
DA:159,2
DA:161,2
DA:162,3
DA:163,6
DA:164,3
DA:165,1
DA:166,3
DA:167,2
DA:169,2
DA:171,1
DA:172,2
DA:174,2
DA:175,2
DA:178,25
DA:179,1
DA:180,1
DA:181,1
DA:182,1
DA:183,1
DA:184,1
DA:185,1
DA:186,1
DA:187,1
DA:188,1
DA:189,1
DA:190,1
DA:192,1
DA:194,1
DA:195,1
DA:196,1
DA:197,1
DA:198,1
DA:199,1
DA:200,1
DA:201,1
DA:202,1
DA:203,1
DA:204,1
DA:205,1
DA:206,1
DA:207,1
DA:209,1
DA:210,1
DA:211,1
DA:213,1
DA:214,0
DA:215,0
DA:216,1
DA:218,25
DA:219,5
DA:220,3
DA:221,3
DA:222,3
DA:223,3
DA:224,5
DA:225,2
DA:226,2
DA:227,5
DA:230,25
DA:231,2
DA:232,2
DA:234,2
DA:236,2
DA:237,2
DA:238,2
DA:239,2
DA:240,0
DA:241,0
DA:244,2
DA:245,2
DA:246,57
DA:247,57
DA:248,2
DA:249,26
DA:250,27
DA:251,26
DA:252,26
DA:253,26
DA:254,2
DA:256,2
DA:257,2
DA:258,1
DA:259,1
DA:260,1
DA:261,1
DA:262,1
DA:263,1
DA:265,1
DA:267,1
DA:268,1
DA:269,1
DA:270,1
DA:271,1
DA:272,1
DA:273,1
DA:274,1
DA:275,1
DA:277,1
DA:278,2
DA:280,2
DA:281,0
DA:282,0
DA:283,2
DA:286,25
DA:287,1
DA:288,1
DA:289,1
DA:290,1
DA:291,1
DA:292,0
DA:293,1
DA:294,1
DA:295,1
DA:296,1
DA:298,25
DA:299,5
DA:300,5
DA:302,5
DA:303,5
DA:304,5
DA:306,5
DA:307,5
DA:309,25
DA:310,25
DA:311,25
DA:312,25
DA:313,25
DA:314,25
DA:316,25
DA:317,25
DA:318,25
DA:319,25
DA:320,25
DA:321,25
DA:322,25
DA:323,25
DA:324,25
DA:325,25
DA:326,25
DA:327,25
DA:328,25
DA:329,25
DA:330,25
DA:332,25
DA:333,0
DA:334,0
DA:335,0
DA:336,0
DA:337,0
DA:339,0
DA:340,0
DA:341,0
DA:342,0
DA:343,0
DA:344,0
DA:345,0
DA:346,0
DA:347,0
DA:348,0
DA:350,25
DA:351,25
DA:352,25
DA:353,0
DA:354,0
DA:355,0
DA:356,0
DA:357,0
DA:358,0
DA:360,0
DA:361,0
DA:362,0
DA:363,0
DA:364,0
DA:365,0
DA:366,0
DA:367,0
DA:368,0
DA:369,0
DA:371,0
DA:373,0
DA:374,25
DA:375,25
DA:376,25
DA:377,0
DA:378,0
DA:379,0
DA:380,0
DA:381,0
DA:382,0
DA:383,0
DA:384,0
DA:385,0
DA:386,0
DA:387,0
DA:388,0
DA:389,0
DA:390,0
DA:391,0
DA:392,0
DA:393,0
DA:394,0
DA:395,0
DA:396,0
DA:397,0
DA:398,0
DA:399,0
DA:400,0
DA:401,0
DA:402,0
DA:403,0
DA:404,0
DA:405,0
DA:406,0
DA:407,0
DA:408,0
DA:409,0
DA:410,0
DA:411,0
DA:412,0
DA:413,0
DA:414,0
DA:415,0
DA:416,0
DA:417,0
DA:418,0
DA:419,0
DA:420,0
DA:421,25
DA:423,25
DA:425,25
DA:426,25
DA:427,25
DA:428,25
DA:429,25
DA:430,2
DA:431,25
DA:432,25
DA:433,25
DA:434,25
DA:435,25
DA:436,25
DA:437,0
DA:438,0
DA:439,0
DA:440,0
DA:441,0
DA:442,25
DA:443,25
DA:444,25
DA:445,25
DA:446,25
DA:447,25
DA:448,25
DA:451,25
DA:452,25
DA:453,25
DA:454,25
DA:456,25
DA:457,25
DA:458,25
DA:460,25
DA:461,25
DA:462,25
DA:463,25
DA:464,25
DA:465,6
DA:466,25
DA:467,25
DA:468,25
DA:469,25
DA:470,25
DA:471,25
DA:472,0
DA:473,0
DA:474,0
DA:475,0
DA:476,0
DA:477,0
DA:478,0
DA:479,0
DA:480,0
DA:481,0
DA:482,0
DA:483,0
DA:484,25
DA:485,25
DA:486,25
DA:487,25
DA:488,25
DA:489,25
DA:490,25
DA:491,25
DA:492,1
DA:493,1
DA:494,1
DA:495,1
DA:496,1
DA:497,1
DA:498,1
DA:499,1
DA:500,1
DA:501,1
DA:502,1
DA:503,1
DA:504,25
DA:505,25
DA:506,25
DA:507,25
DA:508,6
DA:509,6
DA:510,6
DA:511,6
DA:512,6
DA:513,1
DA:514,1
DA:515,1
DA:516,1
DA:517,1
DA:518,1
DA:519,1
DA:520,1
DA:521,1
DA:522,6
DA:523,6
DA:524,6
DA:525,6
DA:526,6
DA:527,6
DA:528,6
DA:530,25
DA:531,25
DA:532,25
DA:533,25
DA:534,25
DA:535,25
DA:536,25
DA:538,25
DA:539,25
DA:541,25
DA:542,25
DA:543,25
DA:544,25
DA:545,25
DA:546,25
DA:547,25
DA:549,25
DA:550,25
DA:551,25
DA:552,25
DA:553,25
DA:554,25
DA:555,25
DA:556,25
DA:557,1
DA:558,1
DA:559,1
DA:560,1
DA:561,25
DA:563,25
DA:564,25
DA:565,25
DA:566,25
DA:567,25
DA:568,25
DA:569,25
DA:570,25
DA:571,2
DA:572,1
DA:574,1
DA:577,25
DA:579,25
DA:580,25
DA:581,25
DA:582,25
DA:583,25
DA:584,25
DA:585,25
DA:586,25
DA:587,1
DA:588,1
DA:589,1
DA:590,1
DA:591,1
DA:592,1
DA:593,0
DA:594,0
DA:595,1
DA:596,1
DA:597,25
DA:599,25
DA:600,25
DA:602,25
DA:604,25
DA:605,25
DA:606,25
DA:608,25
LF:499
LH:393
BRDA:49,0,0,25
BRDA:429,1,0,2
BRDA:443,2,0,19
BRDA:443,3,0,6
BRDA:444,4,0,19
BRDA:444,5,0,6
BRDA:464,6,0,6
BRDA:470,7,0,6
BRDA:470,8,0,19
BRDA:490,9,0,6
BRDA:490,10,0,19
BRDA:507,11,0,19
BRDA:507,12,0,6
BRDA:511,13,0,0
BRDA:570,14,0,2
BRDA:571,15,0,1
BRDA:572,16,0,1
BRDA:585,17,0,2
BRDA:585,18,0,23
BRDA:61,19,0,16
BRDA:68,20,0,118
BRDA:71,21,0,9
BRDA:78,22,0,6
BRDA:79,23,0,0
BRDA:83,24,0,9
BRDA:92,25,0,9
BRDA:94,26,0,0
BRDA:112,27,0,9
BRDA:114,28,0,9
BRDA:116,29,0,0
BRDA:141,30,0,2
BRDA:142,31,0,0
BRDA:149,32,0,3
BRDA:169,33,0,1
BRDA:169,34,0,1
BRDA:172,35,0,0
BRDA:153,36,0,3
BRDA:154,37,0,4
BRDA:155,38,0,3
BRDA:156,39,0,3
BRDA:161,40,0,3
BRDA:162,41,0,6
BRDA:163,42,0,3
BRDA:164,43,0,1
BRDA:178,44,0,1
BRDA:180,45,0,0
BRDA:181,46,0,0
BRDA:190,47,0,0
BRDA:211,48,0,0
BRDA:213,49,0,0
BRDA:209,50,0,1
BRDA:218,51,0,5
BRDA:219,52,0,3
BRDA:222,53,0,0
BRDA:224,54,0,2
BRDA:230,55,0,2
BRDA:231,56,0,0
BRDA:232,57,0,0
BRDA:234,58,0,0
BRDA:239,59,0,0
BRDA:245,60,0,57
BRDA:257,61,0,1
BRDA:278,62,0,0
BRDA:278,63,0,1
BRDA:280,64,0,0
BRDA:248,65,0,26
BRDA:249,66,0,27
BRDA:250,67,0,26
BRDA:251,68,0,26
BRDA:267,69,0,1
BRDA:268,70,0,2
BRDA:268,71,0,1
BRDA:274,72,0,1
BRDA:286,73,0,1
BRDA:291,74,0,0
BRDA:289,75,0,1
BRDA:289,76,0,2
BRDA:298,77,0,5
BRDA:491,78,0,1
BRDA:492,79,0,0
BRDA:512,80,0,1
BRDA:513,81,0,0
BRDA:535,82,0,1
BRDA:556,83,0,1
BRDA:586,84,0,1
BRDA:590,85,0,0
BRDA:592,86,0,0
BRF:87
BRH:64
end_of_record
TN:
SF:src\features\notifications\api\notificationsApi.ts
FN:18,fetchNotificationSettings
FN:38,updateNotificationSetting
FN:75,getNotificationById
FN:93,getUserNotifications
FN:110,getUnreadNotifications
FN:127,markAllAsRead
FN:145,markAsRead
FN:161,markSelectedAsRead
FN:180,deleteNotificationsBulk
FNF:9
FNH:9
FNDA:10,fetchNotificationSettings
FNDA:2,updateNotificationSetting
FNDA:2,getNotificationById
FNDA:1,getUserNotifications
FNDA:1,getUnreadNotifications
FNDA:2,markAllAsRead
FNDA:2,markAsRead
FNDA:2,markSelectedAsRead
FNDA:2,deleteNotificationsBulk
DA:18,10
DA:19,10
DA:21,10
DA:22,10
DA:23,10
DA:24,10
DA:25,10
DA:26,10
DA:27,10
DA:28,10
DA:30,2
DA:31,1
DA:32,1
DA:33,1
DA:35,1
DA:36,1
DA:38,2
DA:39,2
DA:40,2
DA:41,2
DA:42,2
DA:44,2
DA:45,2
DA:46,2
DA:47,2
DA:48,2
DA:49,2
DA:50,2
DA:51,2
DA:52,2
DA:54,2
DA:55,1
DA:56,1
DA:57,1
DA:59,1
DA:60,1
DA:62,1
DA:73,1
DA:75,2
DA:76,2
DA:78,2
DA:79,2
DA:80,2
DA:81,2
DA:82,2
DA:83,2
DA:85,2
DA:86,1
DA:87,1
DA:88,1
DA:90,1
DA:91,1
DA:93,1
DA:94,1
DA:96,1
DA:97,1
DA:98,1
DA:99,1
DA:100,1
DA:102,1
DA:103,0
DA:104,0
DA:105,0
DA:107,1
DA:108,1
DA:110,1
DA:111,1
DA:113,1
DA:114,1
DA:115,1
DA:116,1
DA:117,1
DA:119,1
DA:120,0
DA:121,0
DA:122,0
DA:124,1
DA:125,1
DA:127,2
DA:128,2
DA:130,2
DA:131,2
DA:132,2
DA:133,2
DA:134,2
DA:135,2
DA:137,2
DA:138,1
DA:139,1
DA:140,1
DA:141,2
DA:145,2
DA:146,2
DA:148,2
DA:149,2
DA:150,2
DA:151,2
DA:152,2
DA:153,2
DA:155,2
DA:156,1
DA:157,1
DA:158,1
DA:159,2
DA:161,2
DA:162,2
DA:164,2
DA:165,2
DA:167,2
DA:168,2
DA:169,2
DA:170,2
DA:171,2
DA:172,2
DA:174,2
DA:175,1
DA:176,1
DA:177,1
DA:178,2
DA:180,2
DA:181,2
DA:182,2
DA:183,2
DA:185,2
DA:186,2
DA:187,2
DA:188,2
DA:189,2
DA:190,2
DA:192,2
DA:193,1
DA:194,1
DA:195,1
DA:196,2
LF:134
LH:128
BRDA:18,0,0,10
BRDA:28,1,0,2
BRDA:30,2,0,1
BRDA:32,3,0,0
BRDA:38,4,0,2
BRDA:54,5,0,1
BRDA:56,6,0,0
BRDA:75,7,0,2
BRDA:85,8,0,1
BRDA:87,9,0,0
BRDA:93,10,0,1
BRDA:102,11,0,0
BRDA:110,12,0,1
BRDA:119,13,0,0
BRDA:127,14,0,2
BRDA:137,15,0,1
BRDA:139,16,0,0
BRDA:145,17,0,2
BRDA:155,18,0,1
BRDA:157,19,0,0
BRDA:161,20,0,2
BRDA:174,21,0,1
BRDA:176,22,0,0
BRDA:165,23,0,3
BRDA:180,24,0,2
BRDA:192,25,0,1
BRDA:194,26,0,0
BRDA:183,27,0,2
BRF:28
BRH:19
end_of_record
TN:
SF:src\features\notifications\api\websocket.ts
FN:7,connectWebSocket
FN:12,webSocketFactory
FN:17,onConnect
FN:32,disconnectWebSocket
FNF:4
FNH:3
FNDA:1,connectWebSocket
FNDA:0,webSocketFactory
FNDA:1,onConnect
FNDA:1,disconnectWebSocket
DA:1,1
DA:2,1
DA:5,1
DA:7,1
DA:8,1
DA:9,1
DA:10,1
DA:11,1
DA:12,1
DA:13,1
DA:14,1
DA:15,1
DA:16,1
DA:17,1
DA:18,1
DA:19,1
DA:20,1
DA:21,1
DA:22,1
DA:23,1
DA:24,1
DA:25,1
DA:26,1
DA:29,1
DA:30,1
DA:32,1
DA:33,1
DA:34,1
DA:35,1
LF:29
LH:29
BRDA:7,0,0,1
BRDA:17,1,0,1
BRDA:19,2,0,1
BRDA:32,3,0,1
BRF:4
BRH:4
end_of_record
TN:
SF:src\features\notifications\pages\NotificationDetailsPage.tsx
FN:18,NotificationDetailsPage
FNF:1
FNH:1
FNDA:4,NotificationDetailsPage
DA:1,1
DA:2,1
DA:4,1
DA:13,1
DA:14,1
DA:15,1
DA:16,1
DA:18,4
DA:19,4
DA:20,4
DA:21,4
DA:22,4
DA:23,4
DA:24,2
DA:25,2
DA:26,2
DA:27,2
DA:28,4
DA:30,4
DA:31,4
DA:32,2
DA:33,2
DA:34,2
DA:37,2
DA:38,2
DA:39,1
DA:41,1
DA:44,1
DA:45,1
DA:46,4
DA:47,4
DA:48,4
DA:49,4
DA:50,4
DA:51,4
DA:52,4
DA:53,4
DA:54,4
DA:55,4
DA:57,4
DA:58,4
DA:59,4
DA:61,4
DA:63,4
DA:64,4
DA:65,4
DA:67,4
DA:68,4
DA:69,4
DA:70,4
DA:71,4
DA:72,4
DA:73,4
DA:74,4
DA:75,4
DA:76,4
DA:78,4
LF:57
LH:57
BRDA:18,0,0,4
BRDA:31,1,0,2
BRDA:38,2,0,1
BRDA:46,3,0,0
BRDA:47,4,0,1
BRDA:58,5,0,1
BRDA:23,6,0,2
BRDA:24,7,0,0
BRDA:26,8,0,2
BRDA:27,9,0,2
BRF:10
BRH:8
end_of_record
TN:
SF:src\features\notifications\pages\NotificationsPage.tsx
FN:32,NotificationsPage
FN:57,toggleSelect
FN:69,toggleSelectAll
FN:77,handleMarkAllAsRead
FN:87,handleMarkSelectedAsRead
FN:99,handleDeleteSelected
FN:110,handleOpen
FN:178,onClick
FN:186,onClick
FNF:9
FNH:5
FNDA:7,NotificationsPage
FNDA:1,toggleSelect
FNDA:0,toggleSelectAll
FNDA:1,handleMarkAllAsRead
FNDA:0,handleMarkSelectedAsRead
FNDA:1,handleDeleteSelected
FNDA:0,handleOpen
FNDA:0,onClick
FNDA:1,onClick
DA:1,1
DA:3,1
DA:18,1
DA:19,1
DA:21,1
DA:22,1
DA:29,1
DA:30,1
DA:32,7
DA:33,7
DA:34,7
DA:35,7
DA:36,7
DA:37,7
DA:40,7
DA:41,2
DA:43,2
DA:44,0
DA:45,2
DA:47,2
DA:48,7
DA:51,7
DA:52,2
DA:53,2
DA:54,2
DA:55,7
DA:57,7
DA:58,1
DA:59,1
DA:60,1
DA:61,0
DA:62,1
DA:63,1
DA:64,1
DA:65,1
DA:66,1
DA:67,1
DA:69,7
DA:70,0
DA:71,0
DA:72,0
DA:73,0
DA:74,0
DA:75,0
DA:77,7
DA:78,1
DA:79,1
DA:80,1
DA:81,1
DA:82,1
DA:83,0
DA:84,0
DA:85,1
DA:87,7
DA:88,0
DA:89,0
DA:90,0
DA:91,0
DA:92,0
DA:93,0
DA:94,0
DA:95,0
DA:96,0
DA:97,0
DA:99,7
DA:100,1
DA:101,1
DA:102,1
DA:103,1
DA:104,1
DA:105,0
DA:106,0
DA:107,1
DA:110,7
DA:111,0
DA:112,0
DA:113,0
DA:114,0
DA:115,0
DA:116,0
DA:117,0
DA:118,0
DA:119,0
DA:120,0
DA:122,0
DA:123,0
DA:124,0
DA:125,0
DA:126,0
DA:129,7
DA:130,7
DA:131,7
DA:132,7
DA:133,7
DA:134,7
DA:135,7
DA:136,7
DA:137,7
DA:138,7
DA:139,7
DA:140,7
DA:141,7
DA:142,7
DA:143,7
DA:144,7
DA:145,7
DA:146,7
DA:147,7
DA:148,7
DA:149,7
DA:150,7
DA:152,7
DA:153,7
DA:154,7
DA:155,7
DA:156,7
DA:157,7
DA:158,7
DA:160,7
DA:161,7
DA:162,7
DA:163,7
DA:164,7
DA:165,7
DA:166,7
DA:168,7
DA:169,7
DA:170,7
DA:172,7
DA:174,7
DA:175,7
DA:176,7
DA:177,7
DA:178,7
DA:179,7
DA:180,7
DA:181,7
DA:182,7
DA:184,7
DA:185,7
DA:186,7
DA:187,1
DA:188,1
DA:189,1
DA:190,7
DA:191,7
DA:192,7
DA:193,7
DA:194,7
DA:195,7
DA:196,7
DA:198,7
DA:199,7
DA:200,7
DA:201,7
DA:203,7
DA:204,7
DA:205,7
DA:207,7
DA:208,7
DA:209,7
DA:210,7
DA:212,7
DA:213,3
DA:215,3
DA:217,7
DA:218,7
DA:219,7
DA:220,7
DA:222,1
LF:170
LH:133
BRDA:32,0,0,7
BRDA:131,1,0,0
BRDA:138,2,0,3
BRDA:139,3,0,1
BRDA:212,4,0,3
BRDA:40,5,0,2
BRDA:41,6,0,0
BRDA:47,7,0,2
BRDA:51,8,0,2
BRDA:53,9,0,2
BRDA:57,10,0,1
BRDA:58,11,0,1
BRDA:60,12,0,0
BRDA:77,13,0,1
BRDA:82,14,0,0
BRDA:80,15,0,1
BRDA:80,16,0,2
BRDA:99,17,0,1
BRDA:104,18,0,0
BRDA:102,19,0,1
BRDA:102,20,0,2
BRDA:175,21,0,7
BRDA:180,22,0,6
BRDA:180,23,0,1
BRDA:181,24,0,6
BRDA:181,25,0,1
BRDA:196,26,0,6
BRDA:196,27,0,1
BRDA:200,28,0,1
BRDA:186,29,0,1
BRF:30
BRH:25
end_of_record
TN:
SF:src\features\reviews\api\reviewApi.ts
FN:27,deleteReview
FN:42,getReviewById
FN:63,updateReview
FN:86,getAccommodationReviews
FN:109,createAccommodationReview
FN:145,getHostReviews
FN:169,createHostReview
FN:185,getHostReviewById
FN:197,updateHostReview
FN:216,deleteHostReview
FNF:10
FNH:10
FNDA:2,deleteReview
FNDA:1,getReviewById
FNDA:1,updateReview
FNDA:1,getAccommodationReviews
FNDA:1,createAccommodationReview
FNDA:1,getHostReviews
FNDA:1,createHostReview
FNDA:1,getHostReviewById
FNDA:1,updateHostReview
FNDA:1,deleteHostReview
DA:1,1
DA:3,1
DA:27,2
DA:28,2
DA:29,2
DA:30,2
DA:31,2
DA:32,2
DA:33,2
DA:34,2
DA:36,2
DA:37,1
DA:38,1
DA:39,1
DA:40,2
DA:42,1
DA:43,1
DA:45,1
DA:46,1
DA:47,1
DA:48,1
DA:49,1
DA:50,1
DA:52,1
DA:53,0
DA:54,0
DA:55,0
DA:57,1
DA:58,1
DA:63,1
DA:64,1
DA:66,1
DA:67,1
DA:68,1
DA:69,1
DA:70,1
DA:71,1
DA:72,1
DA:73,1
DA:75,1
DA:76,0
DA:77,0
DA:78,0
DA:80,1
DA:81,1
DA:86,1
DA:87,1
DA:88,1
DA:89,1
DA:90,1
DA:91,1
DA:92,1
DA:93,1
DA:95,1
DA:96,0
DA:97,0
DA:98,0
DA:100,1
DA:101,1
DA:109,1
DA:110,1
DA:112,1
DA:113,1
DA:114,1
DA:115,1
DA:116,1
DA:117,1
DA:118,1
DA:119,1
DA:121,1
DA:122,0
DA:123,0
DA:124,0
DA:125,1
DA:145,1
DA:146,1
DA:147,1
DA:148,1
DA:149,1
DA:150,1
DA:151,1
DA:153,1
DA:155,1
DA:156,0
DA:157,0
DA:158,0
DA:160,1
DA:161,1
DA:169,1
DA:170,1
DA:171,1
DA:172,1
DA:173,1
DA:174,1
DA:175,1
DA:176,1
DA:177,1
DA:178,1
DA:179,1
DA:180,0
DA:181,0
DA:182,0
DA:183,1
DA:185,1
DA:186,1
DA:187,1
DA:188,1
DA:189,1
DA:190,1
DA:191,0
DA:192,0
DA:193,0
DA:194,1
DA:195,1
DA:197,1
DA:198,1
DA:199,1
DA:200,1
DA:201,1
DA:202,1
DA:203,1
DA:204,1
DA:205,1
DA:206,1
DA:207,1
DA:208,1
DA:209,1
DA:210,1
DA:211,1
DA:212,1
DA:213,1
DA:214,1
DA:216,1
DA:217,1
DA:219,1
DA:220,1
DA:221,1
DA:222,1
DA:223,1
DA:224,1
DA:226,1
DA:227,0
DA:228,0
DA:229,0
DA:230,1
LF:145
LH:121
BRDA:27,0,0,2
BRDA:36,1,0,1
BRDA:38,2,0,0
BRDA:42,3,0,1
BRDA:52,4,0,0
BRDA:63,5,0,1
BRDA:75,6,0,0
BRDA:86,7,0,1
BRDA:95,8,0,0
BRDA:109,9,0,1
BRDA:121,10,0,0
BRDA:145,11,0,1
BRDA:155,12,0,0
BRDA:169,13,0,1
BRDA:179,14,0,0
BRDA:185,15,0,1
BRDA:190,16,0,0
BRDA:197,17,0,1
BRDA:212,18,0,0
BRDA:216,19,0,1
BRDA:226,20,0,0
BRF:21
BRH:11
end_of_record
TN:
SF:src\features\reviews\pages\HostReviewPage.tsx
FN:31,HostReviewPage
FN:74,handleEdit
FN:78,handleOpenDelete
FN:83,handleDelete
FN:103,handleLeaveReview
FN:180,onClick
FN:185,onClick
FN:223,onChange
FN:252,onClose
FN:261,onClick
FNF:10
FNH:5
FNDA:7,HostReviewPage
FNDA:0,handleEdit
FNDA:1,handleOpenDelete
FNDA:1,handleDelete
FNDA:1,handleLeaveReview
FNDA:0,onClick
FNDA:1,onClick
FNDA:0,onChange
FNDA:0,onClose
FNDA:0,onClick
DA:1,1
DA:2,1
DA:3,1
DA:19,1
DA:20,1
DA:23,1
DA:24,1
DA:25,1
DA:26,1
DA:27,1
DA:28,1
DA:31,7
DA:32,7
DA:33,7
DA:34,7
DA:35,7
DA:36,7
DA:38,7
DA:39,7
DA:40,7
DA:41,7
DA:42,7
DA:44,7
DA:45,7
DA:47,7
DA:50,7
DA:51,3
DA:53,3
DA:54,3
DA:55,3
DA:56,3
DA:57,3
DA:58,3
DA:59,3
DA:60,7
DA:62,7
DA:63,3
DA:64,2
DA:65,2
DA:66,2
DA:67,2
DA:68,2
DA:69,2
DA:70,0
DA:71,2
DA:72,7
DA:74,7
DA:75,0
DA:76,0
DA:78,7
DA:79,1
DA:80,1
DA:81,1
DA:83,7
DA:84,1
DA:86,1
DA:87,1
DA:89,1
DA:90,1
DA:91,1
DA:92,1
DA:93,1
DA:94,0
DA:95,0
DA:96,1
DA:97,1
DA:98,1
DA:99,1
DA:100,1
DA:103,7
DA:104,1
DA:105,1
DA:106,1
DA:108,7
DA:109,7
DA:110,7
DA:111,7
DA:112,7
DA:113,7
DA:115,7
DA:116,7
DA:117,7
DA:118,7
DA:119,7
DA:120,7
DA:121,7
DA:122,7
DA:123,7
DA:127,7
DA:128,7
DA:130,7
DA:131,7
DA:132,7
DA:133,7
DA:134,7
DA:135,7
DA:137,7
DA:140,7
DA:141,7
DA:142,5
DA:143,5
DA:144,5
DA:145,5
DA:146,5
DA:147,5
DA:148,5
DA:150,5
DA:151,5
DA:154,7
DA:155,2
DA:156,2
DA:157,2
DA:158,2
DA:159,2
DA:160,2
DA:161,2
DA:162,2
DA:163,2
DA:164,2
DA:167,2
DA:168,2
DA:169,2
DA:170,2
DA:171,2
DA:172,2
DA:173,2
DA:174,2
DA:175,2
DA:177,2
DA:178,2
DA:179,2
DA:180,2
DA:182,2
DA:183,2
DA:184,2
DA:185,2
DA:186,2
DA:187,2
DA:189,2
DA:190,2
DA:191,2
DA:194,2
DA:195,2
DA:196,2
DA:197,2
DA:198,2
DA:199,2
DA:201,2
DA:202,2
DA:203,2
DA:204,2
DA:206,2
DA:207,2
DA:209,2
DA:210,2
DA:211,2
DA:212,2
DA:213,2
DA:214,7
DA:215,7
DA:218,7
DA:219,0
DA:220,0
DA:221,0
DA:222,0
DA:223,0
DA:224,0
DA:225,0
DA:226,0
DA:230,7
DA:231,1
DA:232,1
DA:233,1
DA:234,1
DA:235,1
DA:236,1
DA:237,1
DA:239,1
DA:240,1
DA:241,1
DA:242,1
DA:243,1
DA:245,1
DA:246,1
DA:250,7
DA:251,7
DA:252,7
DA:254,7
DA:255,7
DA:256,7
DA:258,7
DA:259,7
DA:260,7
DA:261,7
DA:262,7
DA:264,7
DA:265,7
DA:266,7
DA:267,7
DA:268,7
DA:270,7
LF:201
LH:188
BRDA:31,0,0,7
BRDA:110,1,0,0
BRDA:111,2,0,6
BRDA:112,3,0,1
BRDA:141,4,0,5
BRDA:218,5,0,0
BRDA:230,6,0,1
BRDA:50,7,0,3
BRDA:51,8,0,0
BRDA:54,9,0,3
BRDA:62,10,0,3
BRDA:63,11,0,2
BRDA:63,12,0,1
BRDA:63,13,0,2
BRDA:65,14,0,2
BRDA:78,15,0,1
BRDA:83,16,0,1
BRDA:84,17,0,0
BRDA:93,18,0,0
BRDA:103,19,0,1
BRDA:104,20,0,0
BRDA:154,21,0,2
BRDA:185,22,0,1
BRF:23
BRH:17
end_of_record
TN:
SF:src\features\reviews\pages\NewHostReviewPage.tsx
FN:20,NewHostReviewPage
FN:42,handleSubmit
FN:87,onChange
FN:98,onChange
FN:112,onClick
FNF:5
FNH:5
FNDA:40,NewHostReviewPage
FNDA:4,handleSubmit
FNDA:3,onChange
FNDA:24,onChange
FNDA:1,onClick
DA:1,1
DA:3,1
DA:4,1
DA:13,1
DA:18,1
DA:20,40
DA:21,40
DA:22,40
DA:23,40
DA:24,40
DA:26,40
DA:27,40
DA:28,40
DA:29,40
DA:31,40
DA:32,5
DA:33,1
DA:34,1
DA:35,1
DA:36,1
DA:37,1
DA:38,1
DA:39,1
DA:40,40
DA:42,40
DA:43,4
DA:44,1
DA:45,1
DA:46,1
DA:48,3
DA:49,3
DA:50,3
DA:52,4
DA:53,1
DA:54,4
DA:55,2
DA:56,1
DA:58,2
DA:59,4
DA:60,1
DA:61,4
DA:62,3
DA:63,3
DA:65,4
DA:67,40
DA:68,40
DA:69,40
DA:70,40
DA:71,40
DA:72,40
DA:73,40
DA:74,40
DA:76,40
DA:77,40
DA:78,40
DA:79,40
DA:82,40
DA:83,40
DA:84,40
DA:85,40
DA:86,40
DA:87,40
DA:88,40
DA:89,40
DA:90,40
DA:92,40
DA:93,40
DA:94,40
DA:95,40
DA:96,40
DA:97,40
DA:98,40
DA:99,40
DA:100,40
DA:102,40
DA:103,2
DA:104,2
DA:105,2
DA:108,40
DA:109,40
DA:110,40
DA:111,40
DA:112,40
DA:113,40
DA:114,40
DA:116,40
DA:117,40
DA:118,40
DA:119,40
DA:120,40
DA:121,40
DA:123,40
DA:124,40
DA:125,40
DA:126,40
DA:127,40
DA:128,40
DA:130,40
LF:98
LH:98
BRDA:20,0,0,40
BRDA:73,1,0,17
BRDA:73,2,0,23
BRDA:102,3,0,2
BRDA:123,4,0,17
BRDA:123,5,0,23
BRDA:31,6,0,5
BRDA:32,7,0,1
BRDA:34,8,0,1
BRDA:42,9,0,4
BRDA:43,10,0,1
BRDA:46,11,0,3
BRDA:52,12,0,1
BRDA:54,13,0,2
BRDA:55,14,0,1
BRDA:59,15,0,1
BRDA:61,16,0,3
BRDA:87,17,0,3
BRDA:98,18,0,24
BRDA:112,19,0,1
BRF:20
BRH:20
end_of_record
TN:
SF:src\features\reviews\pages\NewReviewPage.tsx
FN:20,NewReviewPage
FN:41,handleSubmit
FN:85,onChange
FN:97,onChange
FN:111,onClick
FNF:5
FNH:5
FNDA:30,NewReviewPage
FNDA:4,handleSubmit
FNDA:3,onChange
FNDA:14,onChange
FNDA:1,onClick
DA:1,1
DA:3,1
DA:4,1
DA:13,1
DA:18,1
DA:20,30
DA:21,30
DA:22,30
DA:24,30
DA:25,30
DA:26,30
DA:27,30
DA:30,30
DA:31,5
DA:32,1
DA:33,1
DA:34,1
DA:35,1
DA:36,1
DA:37,1
DA:38,1
DA:39,30
DA:41,30
DA:42,4
DA:43,1
DA:44,1
DA:45,1
DA:47,3
DA:48,3
DA:49,3
DA:51,4
DA:52,1
DA:53,1
DA:54,4
DA:55,2
DA:56,2
DA:57,2
DA:58,2
DA:59,2
DA:60,1
DA:62,2
DA:63,4
DA:64,1
DA:65,4
DA:66,3
DA:67,3
DA:68,4
DA:70,30
DA:71,30
DA:72,30
DA:73,30
DA:74,30
DA:75,30
DA:76,30
DA:77,30
DA:80,30
DA:81,30
DA:82,30
DA:83,30
DA:84,30
DA:85,30
DA:86,30
DA:87,30
DA:88,30
DA:91,30
DA:92,30
DA:93,30
DA:94,30
DA:95,30
DA:96,30
DA:97,30
DA:98,30
DA:99,30
DA:101,30
DA:102,2
DA:103,2
DA:104,2
DA:107,30
DA:108,30
DA:109,30
DA:110,30
DA:111,30
DA:112,30
DA:113,30
DA:115,30
DA:116,30
DA:117,30
DA:118,30
DA:119,30
DA:120,30
DA:122,30
DA:123,30
DA:124,30
DA:125,30
DA:126,30
DA:127,30
DA:129,30
LF:97
LH:97
BRDA:20,0,0,30
BRDA:76,1,0,9
BRDA:76,2,0,21
BRDA:101,3,0,2
BRDA:122,4,0,9
BRDA:122,5,0,21
BRDA:30,6,0,5
BRDA:31,7,0,1
BRDA:33,8,0,1
BRDA:41,9,0,4
BRDA:42,10,0,1
BRDA:45,11,0,3
BRDA:51,12,0,1
BRDA:54,13,0,2
BRDA:59,14,0,1
BRDA:63,15,0,1
BRDA:65,16,0,3
BRDA:85,17,0,3
BRDA:97,18,0,14
BRDA:111,19,0,1
BRF:20
BRH:20
end_of_record
TN:
SF:src\features\reviews\pages\ReviewsSection.tsx
FN:26,ReviewsSection
FN:38,fetchReviews
FN:51,handleEdit
FN:55,handleOpenDelete
FN:60,handleDelete
FN:113,onClick
FN:117,onClick
FN:146,onChange
FN:153,onClose
FN:162,onClick
FNF:10
FNH:8
FNDA:12,ReviewsSection
FNDA:5,fetchReviews
FNDA:1,handleEdit
FNDA:1,handleOpenDelete
FNDA:1,handleDelete
FNDA:1,onClick
FNDA:1,onClick
FNDA:1,onChange
FNDA:0,onClose
FNDA:0,onClick
DA:1,1
DA:2,1
DA:17,1
DA:18,1
DA:19,1
DA:20,1
DA:21,1
DA:26,1
DA:27,12
DA:28,12
DA:29,12
DA:30,12
DA:31,12
DA:32,12
DA:33,12
DA:34,12
DA:37,12
DA:38,5
DA:39,5
DA:40,5
DA:41,5
DA:42,5
DA:43,5
DA:44,5
DA:45,0
DA:46,0
DA:47,5
DA:48,5
DA:49,12
DA:51,12
DA:52,1
DA:53,1
DA:55,12
DA:56,1
DA:57,1
DA:58,1
DA:60,12
DA:61,1
DA:62,1
DA:63,1
DA:64,1
DA:65,1
DA:66,1
DA:67,1
DA:68,1
DA:69,0
DA:70,0
DA:71,1
DA:72,1
DA:73,1
DA:74,1
DA:75,1
DA:78,12
DA:79,12
DA:80,12
DA:82,12
DA:83,12
DA:85,12
DA:86,12
DA:87,12
DA:88,12
DA:89,12
DA:90,12
DA:92,12
DA:94,12
DA:95,12
DA:96,11
DA:97,11
DA:98,11
DA:99,11
DA:100,11
DA:101,11
DA:102,11
DA:103,11
DA:104,11
DA:105,11
DA:108,11
DA:109,6
DA:110,6
DA:111,6
DA:112,6
DA:113,6
DA:115,6
DA:116,6
DA:117,6
DA:118,6
DA:119,6
DA:121,6
DA:124,11
DA:125,11
DA:126,11
DA:127,11
DA:128,11
DA:129,11
DA:130,11
DA:131,11
DA:132,11
DA:133,11
DA:134,11
DA:135,11
DA:136,11
DA:137,11
DA:138,12
DA:139,12
DA:142,12
DA:143,12
DA:144,12
DA:145,12
DA:146,12
DA:147,12
DA:148,12
DA:149,12
DA:150,12
DA:151,12
DA:152,12
DA:153,12
DA:155,12
DA:156,12
DA:157,12
DA:159,12
DA:160,12
DA:161,12
DA:162,12
DA:164,12
DA:165,12
DA:166,12
DA:167,12
DA:168,12
DA:169,12
DA:171,12
DA:172,12
DA:173,12
DA:175,12
DA:178,12
LF:134
LH:130
BRDA:26,0,0,12
BRDA:37,1,0,5
BRDA:38,2,0,5
BRDA:44,3,0,0
BRDA:51,4,0,1
BRDA:55,5,0,1
BRDA:60,6,0,1
BRDA:61,7,0,0
BRDA:68,8,0,0
BRDA:95,9,0,11
BRDA:108,10,0,6
BRDA:113,11,0,1
BRDA:117,12,0,1
BRDA:146,13,0,1
BRF:14
BRH:11
end_of_record
